>> GET - 2018-02-20 11:43:45 pm | URI: /oauth-server/app | Data: {"\/app":""}
>> GET - 2018-02-20 11:46:46 pm | URI: /oauth-server/oauth | Data: {"\/oauth":""}
>> GET - 2018-02-20 11:52:30 pm | URI: /oauth-server/oauth | Data: {"\/oauth":""}
>> GET - 2018-02-20 11:52:35 pm | URI: /oauth-server/oauth | Data: {"\/oauth":""}
>> GET - 2018-02-20 11:52:41 pm | URI: /oauth-server/oauth/authorize | Data: {"\/oauth\/authorize":""}
>> GET - 2018-02-20 11:52:53 pm | URI: /oauth-server/oauth/authorize?response_tupe=code | Data: {"\/oauth\/authorize":""}
>> GET - 2018-02-20 11:52:59 pm | URI: /oauth-server/oauth/authorize?response_type=code | Data: {"\/oauth\/authorize":""}
>> GET - 2018-02-20 11:57:11 pm | URI: /oauth-server/oauth/authorize?response_type=code | Data: {"\/oauth\/authorize":""}
>> GET - 2018-02-20 11:57:12 pm | URI: /oauth-server/oauth/authorize?response_type=code | Data: {"\/oauth\/authorize":""}
>> GET - 2018-02-20 11:57:12 pm | URI: /oauth-server/oauth/authorize?response_type=code | Data: {"\/oauth\/authorize":""}
>> GET - 2018-02-20 11:57:22 pm | URI: /oauth-server/oauth/authorize?response_type=code | Data: {"\/oauth\/authorize":""}
>> GET - 2018-02-20 11:57:22 pm | URI: /oauth-server/oauth/authorize?response_type=code | Data: {"\/oauth\/authorize":""}
>> GET - 2018-02-20 11:57:36 pm | URI: /oauth-server/oauth/authorize?response_type=code | Data: {"\/oauth\/authorize":""}
>> GET - 2018-02-20 11:57:37 pm | URI: /oauth-server/oauth/authorize?response_type=code | Data: {"\/oauth\/authorize":""}
>> GET - 2018-02-20 11:57:37 pm | URI: /oauth-server/oauth/authorize?response_type=code | Data: {"\/oauth\/authorize":""}
>> GET - 2018-02-20 11:57:37 pm | URI: /oauth-server/oauth/authorize?response_type=code | Data: {"\/oauth\/authorize":""}
>> GET - 2018-02-20 11:57:47 pm | URI: /oauth-server/oauth/authorize?response_type=code | Data: {"\/oauth\/authorize":""}
>> GET - 2018-02-20 11:57:51 pm | URI: /oauth-server/oauth/authorize?response_type=code | Data: {"\/oauth\/authorize":""}
>> GET - 2018-02-20 11:57:52 pm | URI: /oauth-server/oauth/authorize?response_type=code | Data: {"\/oauth\/authorize":""}
>> GET - 2018-02-20 11:57:57 pm | URI: /oauth-server/oauth/authorize?response_type=code | Data: {"\/oauth\/authorize":""}
>> GET - 2018-02-20 11:58:45 pm | URI: /oauth-server/oauth/authorize?response_type=code | Data: {"\/oauth\/authorize":""}
>> GET - 2018-02-20 11:58:51 pm | URI: /oauth-server/oauth/authorize?response_type=code | Data: {"\/oauth\/authorize":""}
>> GET - 2018-02-21 12:01:17 am | URI: /oauth-server/oauth/authorize?response_type=code | Data: {"\/oauth\/authorize":""}
>> GET - 2018-02-21 12:01:18 am | URI: /oauth-server/oauth/authorize?response_type=code | Data: {"\/oauth\/authorize":""}
>> GET - 2018-02-21 12:01:18 am | URI: /oauth-server/oauth/authorize?response_type=code | Data: {"\/oauth\/authorize":""}
>> GET - 2018-02-21 12:01:23 am | URI: /oauth-server/oauth/authorize?response_type=code | Data: {"\/oauth\/authorize":""}
>> GET - 2018-02-21 12:01:24 am | URI: /oauth-server/oauth/authorize?response_type=code | Data: {"\/oauth\/authorize":""}
>> GET - 2018-02-21 12:01:30 am | URI: /oauth-server/oauth/authorize?response_type=code | Data: {"\/oauth\/authorize":""}
>> GET - 2018-02-21 12:01:31 am | URI: /oauth-server/oauth/authorize?response_type=code | Data: {"\/oauth\/authorize":""}
>> GET - 2018-02-21 12:01:48 am | URI: /oauth-server/oauth/authorize?response_type=code | Data: {"\/oauth\/authorize":""}
>> GET - 2018-02-21 12:01:49 am | URI: /oauth-server/oauth/authorize?response_type=code | Data: {"\/oauth\/authorize":""}
>> GET - 2018-02-21 12:01:49 am | URI: /oauth-server/oauth/authorize?response_type=code | Data: {"\/oauth\/authorize":""}
>> GET - 2018-02-21 12:01:49 am | URI: /oauth-server/oauth/authorize?response_type=code | Data: {"\/oauth\/authorize":""}
>> GET - 2018-02-21 12:01:55 am | URI: /oauth-server/oauth/authorize?response_type=code | Data: {"\/oauth\/authorize":""}
>> GET - 2018-02-21 12:02:23 am | URI: /oauth-server/oauth/authorize?response_type=code | Data: {"\/oauth\/authorize":""}
>> GET - 2018-02-21 12:02:31 am | URI: /oauth-server/oauth/authorize?response_type=code | Data: {"\/oauth\/authorize":""}
>> GET - 2018-02-21 12:03:08 am | URI: /oauth-server/oauth/authorize?response_type=code | Data: {"\/oauth\/authorize":""}
>> GET - 2018-02-21 12:04:01 am | URI: /oauth-server/oauth/authorize?response_type=code | Data: {"\/oauth\/authorize":""}
>> GET - 2018-02-21 12:04:17 am | URI: /oauth-server/oauth/authorize?response_type=code | Data: {"\/oauth\/authorize":""}
>> GET - 2018-02-21 12:04:24 am | URI: /oauth-server/oauth/authorize?response_type=code | Data: {"\/oauth\/authorize":""}
>> GET - 2018-02-21 12:04:34 am | URI: /oauth-server/oauth/authorize?response_type=code | Data: {"\/oauth\/authorize":""}
>> GET - 2018-02-21 12:04:58 am | URI: /oauth-server/oauth/authorize?response_type=code | Data: {"\/oauth\/authorize":""}
>> GET - 2018-02-21 12:05:14 am | URI: /oauth-server/oauth/authorize?response_type=code&client_id= | Data: {"\/oauth\/authorize":""}
>> GET - 2018-02-21 12:05:27 am | URI: /oauth-server/oauth/authorize?response_type=code&client_id=&redirect_uri | Data: {"\/oauth\/authorize":""}
>> GET - 2018-02-21 12:05:33 am | URI: /oauth-server/oauth/authorize?response_type=code&client_id=&redirect_uri | Data: {"\/oauth\/authorize":""}
>> GET - 2018-02-21 12:05:37 am | URI: /oauth-server/oauth/authorize?response_type=code&client_id=&redirect_uri= | Data: {"\/oauth\/authorize":""}
>> GET - 2018-02-21 12:05:52 am | URI: /oauth-server/oauth/authorize?response_type=code&client_id=&redirect_uri= | Data: {"\/oauth\/authorize":""}
>> GET - 2018-02-21 12:06:04 am | URI: /oauth-server/oauth/authorize?response_type=code&client_id=& | Data: {"\/oauth\/authorize":""}
>> GET - 2018-02-21 12:06:28 am | URI: /oauth-server/oauth/authorize?response_type=code&client_id=&scope | Data: {"\/oauth\/authorize":""}
>> GET - 2018-02-21 12:07:32 am | URI: /oauth-server/oauth/authorize?response_type=code&client_id=&scope | Data: {"\/oauth\/authorize":""}
>> GET - 2018-02-21 12:07:33 am | URI: /oauth-server/oauth/authorize?response_type=code&client_id=&scope | Data: {"\/oauth\/authorize":""}
>> GET - 2018-02-21 12:07:43 am | URI: /oauth-server/oauth/authorize?response_type=code&client_id=&redirect_uri=&scope | Data: {"\/oauth\/authorize":""}
>> GET - 2018-02-21 12:07:55 am | URI: /oauth-server/oauth/authorize?response_type=code&client_id=&redirect_uri=&scope= | Data: {"\/oauth\/authorize":""}
>> GET - 2018-02-21 12:08:02 am | URI: /oauth-server/oauth/authorize?response_type=code&client_id=&redirect_uri=&scope= | Data: {"\/oauth\/authorize":""}
>> GET - 2018-02-21 12:08:09 am | URI: /oauth-server/oauth/authorize?response_type=code&client_id=&redirect_uri=&scope= | Data: {"\/oauth\/authorize":""}
>> GET - 2018-02-21 12:08:13 am | URI: /oauth-server/oauth/authorize?response_type=code&client_id=&redirect_uri=&scope= | Data: {"\/oauth\/authorize":""}
>> GET - 2018-02-21 12:08:18 am | URI: /oauth-server/oauth/authorize?response_type=code&client_id=&redirect_uri=&scope=write | Data: {"\/oauth\/authorize":""}
>> GET - 2018-02-21 12:08:23 am | URI: /oauth-server/oauth/authorize?response_type=code&client_id=&redirect_uri=&scope=write | Data: {"\/oauth\/authorize":""}
>> GET - 2018-02-21 12:08:27 am | URI: /oauth-server/oauth/authorize?response_type=code&client_id=&redirect_uri=&scope= | Data: {"\/oauth\/authorize":""}
>> GET - 2018-02-21 12:10:03 am | URI: /oauth-server/oauth/authorize?response_type=code&client_id=&redirect_uri=&scope= | Data: {"\/oauth\/authorize":""}
>> GET - 2018-02-21 12:10:12 am | URI: /oauth-server/oauth/authorize?response_type=code&client_id=&redirect_uri=&scope= | Data: {"\/oauth\/authorize":""}
>> GET - 2018-02-21 12:10:17 am | URI: /oauth-server/oauth/authorize?response_type=code&client_id=&redirect_uri=&scope= | Data: {"\/oauth\/authorize":""}
>> GET - 2018-02-21 12:10:21 am | URI: /oauth-server/oauth/authorize?response_type=code&client_id=&redirect_uri=&scope=write | Data: {"\/oauth\/authorize":""}
>> GET - 2018-02-21 12:10:28 am | URI: /oauth-server/oauth/authorize?response_type=code&client_id=&redirect_uri=&scope=write,read,admin | Data: {"\/oauth\/authorize":""}
>> GET - 2018-02-21 12:10:52 am | URI: /oauth-server/oauth/authorize?response_type=code&client_id=&redirect_uri=&scope=business_read,business_write | Data: {"\/oauth\/authorize":""}
>> GET - 2018-02-21 12:11:10 am | URI: /oauth-server/oauth/authorize?response_type=code&client_id=&redirect_uri=&scope=products_read,products_write | Data: {"\/oauth\/authorize":""}
>> GET - 2018-02-21 12:12:30 am | URI: /oauth-server/oauth/authorize?response_type=code&client_id=shopdeskClientId&redirect_uri=localhost:8888/oauth-server/example/redirect.php&scope=products_read,products_write | Data: {"\/oauth\/authorize":""}
>> GET - 2018-02-21 12:12:44 am | URI: /oauth-server/oauth/authorize?response_type=code&client_id=shopdeskClientId&redirect_uri=localhost:8888/oauth-server/example/redirect.php&scope=read,,,write | Data: {"\/oauth\/authorize":""}
>> GET - 2018-02-21 12:14:48 am | URI: /oauth-server/oauth/authorize?response_type=code&client_id=shopdeskClientId&redirect_uri=localhost:8888/oauth-server/example/redirect.php&scope=read,,,write | Data: {"\/oauth\/authorize":""}
>> GET - 2018-02-21 12:14:56 am | URI: /oauth-server/oauth/authorize?response_type=code&client_id=shopdeskClientId&redirect_uri=localhost:8888/oauth-server/example/redirect.php&scope=read,,,write | Data: {"\/oauth\/authorize":""}
>> GET - 2018-02-21 12:15:06 am | URI: /oauth-server/oauth/authorize?response_type=code&client_id=shopdeskClientId&redirect_uri=localhost:8888/oauth-server/example/redirect.php&scope=read,,,write | Data: {"\/oauth\/authorize":""}
>> GET - 2018-02-21 12:15:28 am | URI: /oauth-server/oauth/authorize?response_type=code&client_id=shopdeskClientId&redirect_uri=localhost:8888/oauth-server/example/redirect.php&scope=read,,,write | Data: {"\/oauth\/authorize":""}
>> GET - 2018-02-21 12:15:29 am | URI: /oauth-server/oauth/authorize?response_type=code&client_id=shopdeskClientId&redirect_uri=localhost:8888/oauth-server/example/redirect.php&scope=read,,,write | Data: {"\/oauth\/authorize":""}
>> GET - 2018-02-21 12:16:21 am | URI: /oauth-server/oauth/authorize?response_type=code&client_id=shopdeskClientId&redirect_uri=localhost:8888/oauth-server/example/redirect.php&scope=read,,,write | Data: {"\/oauth\/authorize":""}
>> GET - 2018-02-21 12:16:24 am | URI: /oauth-server/oauth/authorize?response_type=code&client_id=shopdeskClientId&redirect_uri=localhost:8888/oauth-server/example/redirect.php&scope=read,,,write | Data: {"\/oauth\/authorize":""}
>> GET - 2018-02-21 12:17:38 am | URI: /oauth-server/oauth/authorize?response_type=code&client_id=shopdeskClientId&redirect_uri=localhost:8888/oauth-server/example/redirect.php&scope=read,,,write | Data: {"\/oauth\/authorize":""}
>> GET - 2018-02-21 12:18:15 am | URI: /oauth-server/oauth/authorize?response_type=code&client_id=shopdeskClientId&redirect_uri=localhost:8888/oauth-server/example/redirect.php&scope=read,,,write | Data: {"\/oauth\/authorize":""}
>> GET - 2018-02-21 12:18:16 am | URI: /oauth-server/oauth/authorize?response_type=code&client_id=shopdeskClientId&redirect_uri=localhost:8888/oauth-server/example/redirect.php&scope=read,,,write | Data: {"\/oauth\/authorize":""}
>> GET - 2018-02-21 12:19:28 am | URI: /oauth-server/oauth/authorize?response_type=code&client_id=shopdeskClientId&redirect_uri=localhost:8888/oauth-server/example/redirect.php&scope=read,,,write | Data: {"\/oauth\/authorize":""}
>> GET - 2018-02-21 12:19:29 am | URI: /oauth-server/oauth/authorize?response_type=code&client_id=shopdeskClientId&redirect_uri=localhost:8888/oauth-server/example/redirect.php&scope=read,,,write | Data: {"\/oauth\/authorize":""}
>> GET - 2018-02-21 12:19:29 am | URI: /oauth-server/oauth/authorize?response_type=code&client_id=shopdeskClientId&redirect_uri=localhost:8888/oauth-server/example/redirect.php&scope=read,,,write | Data: {"\/oauth\/authorize":""}
>> GET - 2018-02-21 12:19:29 am | URI: /oauth-server/oauth/authorize?response_type=code&client_id=shopdeskClientId&redirect_uri=localhost:8888/oauth-server/example/redirect.php&scope=read,,,write | Data: {"\/oauth\/authorize":""}
>> GET - 2018-02-21 12:19:33 am | URI: /oauth-server/oauth/authorize?response_type=code&client_id=shopdeskClientId&redirect_uri=localhost:8888/oauth-server/example/redirect.php&scope=read,,,write | Data: {"\/oauth\/authorize":""}
>> GET - 2018-02-21 12:19:47 am | URI: /oauth-server/oauth/authorize?response_type=code&client_id=shopdeskClientId&redirect_uri=localhost:8888/oauth-server/example/redirect.php&scope=read,,,write | Data: {"\/oauth\/authorize":""}
>> GET - 2018-02-21 12:19:50 am | URI: /oauth-server/oauth/authorize?response_type=code&client_id=shopdeskClientId&redirect_uri=localhost:8888/oauth-server/example/redirect.php&scope=read,,,write | Data: {"\/oauth\/authorize":""}
>> GET - 2018-02-21 12:19:56 am | URI: /oauth-server/oauth/authorize?response_type=code&client_id=shopdeskClientId&redirect_uri=localhost:8888/oauth-server/example/redirect.php&scope=read,,,write | Data: {"\/oauth\/authorize":""}
>> GET - 2018-02-21 12:19:58 am | URI: /oauth-server/oauth/authorize?response_type=code&client_id=shopdeskClientId&redirect_uri=localhost:8888/oauth-server/example/redirect.php&scope=read,,,write | Data: {"\/oauth\/authorize":""}
>> GET - 2018-02-21 12:20:06 am | URI: /oauth-server/oauth/authorize?response_type=code&client_id=shopdeskClientId&redirect_uri=localhost:8888/oauth-server/example/redirect.php&scope=read,,,write | Data: {"\/oauth\/authorize":""}
>> GET - 2018-02-21 12:20:13 am | URI: /oauth-server/oauth/authorize?response_type=code&client_id=shopdeskClientId&redirect_uri=localhost:8888/oauth-server/example/redirect.php&scope= | Data: {"\/oauth\/authorize":""}
>> GET - 2018-02-21 12:20:21 am | URI: /oauth-server/oauth/authorize?response_type=code&client_id=shopdeskClientId&redirect_uri=localhost:8888/oauth-server/example/redirect.php&scope=read,write | Data: {"\/oauth\/authorize":""}
>> GET - 2018-02-21 12:20:46 am | URI: /oauth-server/oauth/authorize?response_type=code&client_id=shopdeskClientId&redirect_uri=http://localhost:8888/oauth-server/example/redirect.php&scope=read,write | Data: {"\/oauth\/authorize":""}
>> GET - 2018-02-21 12:21:29 am | URI: /oauth-server/oauth/authorize?response_type=code&client_id=shopdeskClientId&redirect_uri=http://localhost:8888/oauth-server/example/redirect.php&scope=read,write | Data: {"\/oauth\/authorize":""}
>> GET - 2018-02-21 12:32:11 am | URI: /oauth-server/oauth/authorize?response_type=code&client_id=shopdeskClientId&redirect_uri=http://localhost:8888/oauth-server/example/redirect.php&scope=read,write | Data: {"\/oauth\/authorize":""}
>> GET - 2018-02-21 12:44:45 am | URI: /oauth-server/oauth/authorize?response_type=code&client_id=shopdeskClientId&redirect_uri=http://localhost:8888/oauth-server/example/redirect.php&scope=read,write | Data: {"\/oauth\/authorize":""}
>> GET - 2018-02-21 01:06:18 am | URI: /oauth-server/oauth/authorize?response_type=code&client_id=shopdeskClientId&redirect_uri=http://localhost:8888/oauth-server/example/redirect.php&scope=read,write | Data: {"\/oauth\/authorize":""}
>> GET - 2018-02-21 01:06:51 am | URI: /oauth-server/oauth/authorize?response_type=code&client_id=shopdeskClientId&redirect_uri=http://localhost:8888/oauth-server/example/redirect.php&scope=read,write | Data: {"\/oauth\/authorize":""}
>> GET - 2018-02-21 01:07:03 am | URI: /oauth-server/oauth/authorize?response_type=code&client_id=shopdeskClientId&redirect_uri=http://localhost:8888/oauth-server/example/redirect.php&scope=read,write | Data: {"\/oauth\/authorize":""}
>> GET - 2018-02-21 01:08:54 am | URI: /oauth-server/oauth/authorize?response_type=code&client_id=shopdeskClientId&redirect_uri=http://localhost:8888/oauth-server/example/redirect.php&scope=read,write | Data: {"\/oauth\/authorize":""}
>> GET - 2018-02-21 01:09:06 am | URI: /oauth-server/oauth/login | Data: {"\/oauth\/login":""}
>> GET - 2018-02-21 01:09:28 am | URI: /oauth-server/oauth/authorize?response_type=code&client_id=shopdeskClientId&redirect_uri=http://localhost:8888/oauth-server/example/redirect.php&scope=read,write | Data: {"\/oauth\/authorize":""}
>> GET - 2018-02-21 01:09:33 am | URI: /oauth-server/oauth/login | Data: {"\/oauth\/login":""}
>> GET - 2018-02-21 01:09:37 am | URI: /oauth-server/oauth/logout | Data: {"\/oauth\/logout":""}
>> GET - 2018-02-21 01:09:40 am | URI: /oauth-server/oauth/authorize?response_type=code&client_id=shopdeskClientId&redirect_uri=http://localhost:8888/oauth-server/example/redirect.php&scope=read,write | Data: {"\/oauth\/authorize":""}
>> GET - 2018-02-21 01:09:44 am | URI: /oauth-server/oauth/logout | Data: {"\/oauth\/logout":""}
>> GET - 2018-02-21 01:09:47 am | URI: /oauth-server/oauth/login | Data: {"\/oauth\/login":""}
>> GET - 2018-02-21 01:09:49 am | URI: /oauth-server/oauth/authorize?response_type=code&client_id=shopdeskClientId&redirect_uri=http://localhost:8888/oauth-server/example/redirect.php&scope=read,write | Data: {"\/oauth\/authorize":""}
>> GET - 2018-02-21 01:13:34 am | URI: /oauth-server/oauth/logout | Data: {"\/oauth\/logout":""}
>> GET - 2018-02-21 01:13:37 am | URI: /oauth-server/oauth/login | Data: {"\/oauth\/login":""}
>> GET - 2018-02-21 01:13:57 am | URI: /oauth-server/oauth/login | Data: {"\/oauth\/login":""}
>> GET - 2018-02-21 01:14:00 am | URI: /oauth-server/oauth/authorize?response_type=code&client_id=shopdeskClientId&redirect_uri=http://localhost:8888/oauth-server/example/redirect.php&scope=read,write | Data: {"\/oauth\/authorize":""}
>> GET - 2018-02-21 01:14:14 am | URI: /oauth-server/oauth/logout | Data: {"\/oauth\/logout":""}
>> GET - 2018-02-21 01:15:14 am | URI: /oauth-server/oauth/login | Data: {"\/oauth\/login":""}
>> GET - 2018-02-21 01:15:15 am | URI: /oauth-server/oauth/login | Data: {"\/oauth\/login":""}
>> GET - 2018-02-21 01:15:17 am | URI: /oauth-server/oauth/login | Data: {"\/oauth\/login":""}
>> GET - 2018-02-21 01:17:33 am | URI: /oauth-server/oauth/login | Data: {"\/oauth\/login":""}
>> GET - 2018-02-21 01:17:35 am | URI: /oauth-server/oauth/login | Data: {"\/oauth\/login":""}
>> GET - 2018-02-21 01:17:36 am | URI: /oauth-server/oauth/login | Data: {"\/oauth\/login":""}
>> GET - 2018-02-21 01:17:59 am | URI: /oauth-server/oauth/login | Data: {"\/oauth\/login":""}
>> GET - 2018-02-21 01:18:03 am | URI: /oauth-server/oauth/login | Data: {"\/oauth\/login":""}
>> GET - 2018-02-21 01:30:12 am | URI: /oauth-server/oauth/login | Data: {"\/oauth\/login":""}
>> GET - 2018-02-21 01:30:17 am | URI: /oauth-server/app/signin | Data: {"\/app\/signin":""}
>> POST - 2018-02-21 01:32:26 am | URI: /oauth-server/app/signin | Data: {"email":"khizer@shopdesk.co","pwd":"1234","hms-btn":"login"}
>> POST - 2018-02-21 01:32:53 am | URI: /oauth-server/app/signin | Data: {"email":"khizer@shopdesk.co","pwd":"1234","hms-btn":"login"}
>> POST - 2018-02-21 01:33:39 am | URI: /oauth-server/app/signin | Data: {"email":"khizer@shopdesk.co","pwd":"1234","hms-btn":"login"}
>> GET - 2018-02-21 01:33:42 am | URI: /oauth-server/app/signin | Data: {"\/app\/signin":""}
>> GET - 2018-02-21 01:33:44 am | URI: /oauth-server/app/signin | Data: {"\/app\/signin":""}
>> GET - 2018-02-21 01:34:00 am | URI: /oauth-server/app/signin | Data: {"\/app\/signin":""}
>> GET - 2018-02-21 01:34:04 am | URI: /oauth-server/app/signup | Data: {"\/app\/signup":""}
>> GET - 2018-02-21 01:34:06 am | URI: /oauth-server/app/signin | Data: {"\/app\/signin":""}
>> GET - 2018-02-21 01:34:08 am | URI: /oauth-server/app/signup | Data: {"\/app\/signup":""}
>> GET - 2018-02-21 01:34:09 am | URI: /oauth-server/app/signin | Data: {"\/app\/signin":""}
>> GET - 2018-02-21 01:34:29 am | URI: /oauth-server/app/signin | Data: {"\/app\/signin":""}
>> GET - 2018-02-21 01:34:39 am | URI: /oauth-server/app/signin | Data: {"\/app\/signin":""}
>> GET - 2018-02-21 01:34:45 am | URI: /oauth-server/app/signin | Data: {"\/app\/signin":""}
>> GET - 2018-02-21 01:34:49 am | URI: /oauth-server/app/signin | Data: {"\/app\/signin":""}
>> GET - 2018-02-21 01:34:57 am | URI: /oauth-server/app/signin | Data: {"\/app\/signin":""}
>> GET - 2018-02-21 01:35:03 am | URI: /oauth-server/app/signin | Data: {"\/app\/signin":""}
>> GET - 2018-02-21 01:35:24 am | URI: /oauth-server/app/signin | Data: {"\/app\/signin":""}
>> GET - 2018-02-21 01:35:34 am | URI: /oauth-server/app/signin | Data: {"\/app\/signin":""}
>> GET - 2018-02-21 01:35:47 am | URI: /oauth-server/app/signin | Data: {"\/app\/signin":""}
>> GET - 2018-02-21 01:36:04 am | URI: /oauth-server/app/signin | Data: {"\/app\/signin":""}
>> GET - 2018-02-21 01:36:15 am | URI: /oauth-server/app/signin | Data: {"\/app\/signin":""}
>> GET - 2018-02-21 01:37:17 am | URI: /oauth-server/app/signin | Data: {"\/app\/signin":""}
>> GET - 2018-02-21 01:37:31 am | URI: /oauth-server/app/signin | Data: {"\/app\/signin":""}
>> GET - 2018-02-21 01:37:42 am | URI: /oauth-server/app/signin | Data: {"\/app\/signin":""}
>> GET - 2018-02-21 01:37:51 am | URI: /oauth-server/app/signin | Data: {"\/app\/signin":""}
>> GET - 2018-02-21 01:37:56 am | URI: /oauth-server/app/signin | Data: {"\/app\/signin":""}
>> GET - 2018-02-21 01:37:59 am | URI: /oauth-server/app/signin | Data: {"\/app\/signin":""}
>> GET - 2018-02-21 01:38:07 am | URI: /oauth-server/app/signin | Data: {"\/app\/signin":""}
>> GET - 2018-02-21 01:38:16 am | URI: /oauth-server/app/signin | Data: {"\/app\/signin":""}
>> GET - 2018-02-21 01:38:22 am | URI: /oauth-server/app/signin | Data: {"\/app\/signin":""}
>> GET - 2018-02-21 01:38:27 am | URI: /oauth-server/app/signin | Data: {"\/app\/signin":""}
>> GET - 2018-02-21 01:38:33 am | URI: /oauth-server/app/signin | Data: {"\/app\/signin":""}
>> GET - 2018-02-21 01:38:44 am | URI: /oauth-server/app/signin | Data: {"\/app\/signin":""}
>> GET - 2018-02-21 01:38:54 am | URI: /oauth-server/app/signin | Data: {"\/app\/signin":""}
>> GET - 2018-02-21 01:39:00 am | URI: /oauth-server/app/signin | Data: {"\/app\/signin":""}
>> GET - 2018-02-21 01:39:06 am | URI: /oauth-server/app/signin | Data: {"\/app\/signin":""}
>> GET - 2018-02-21 01:39:18 am | URI: /oauth-server/app/signup | Data: {"\/app\/signup":""}
>> GET - 2018-02-21 01:39:20 am | URI: /oauth-server/app/signin | Data: {"\/app\/signin":""}
>> POST - 2018-02-21 01:39:21 am | URI: /oauth-server/app/signin | Data: {"email":"khizer@shopdesk.co","pwd":"1234","hms-btn":"login"}
>> GET - 2018-02-21 01:39:23 am | URI: /oauth-server/app/signin | Data: {"\/app\/signin":""}
>> POST - 2018-02-21 01:40:46 am | URI: /oauth-server/app/signin | Data: {"email":"khizer@shopdesk.co","pwd":"1234","hms-btn":"login"}
>> GET - 2018-02-21 01:43:21 am | URI: /oauth-server/app/signin | Data: {"\/app\/signin":""}
>> GET - 2018-02-21 01:43:21 am | URI: /oauth-server/app | Data: {"\/app":""}
>> GET - 2018-02-21 01:43:26 am | URI: /oauth-server/app/signin | Data: {"\/app\/signin":""}
>> GET - 2018-02-21 01:43:26 am | URI: /oauth-server/app | Data: {"\/app":""}
>> GET - 2018-02-21 01:43:33 am | URI: /oauth-server/ | Data: []
>> GET - 2018-02-21 01:43:38 am | URI: /oauth-server/oauth/logout | Data: {"\/oauth\/logout":""}
>> GET - 2018-02-21 01:43:40 am | URI: /oauth-server/app | Data: {"\/app":""}
>> GET - 2018-02-21 01:43:41 am | URI: /oauth-server/app | Data: {"\/app":""}
>> GET - 2018-02-21 01:43:47 am | URI: /oauth-server/app/signin | Data: {"\/app\/signin":""}
>> POST - 2018-02-21 01:43:50 am | URI: /oauth-server/app/signin | Data: {"email":"khizer@shopdesk.co","pwd":"1234","hms-btn":"login"}
>> POST - 2018-02-21 01:47:01 am | URI: /oauth-server/app/signin | Data: {"email":"khizer@shopdesk.co","pwd":"1234","hms-btn":"login"}
>> POST - 2018-02-21 01:47:05 am | URI: /oauth-server/app/signin | Data: {"email":"m.khizeryounas@gmail.com","pwd":"1234","hms-btn":"login"}
>> POST - 2018-02-21 01:47:10 am | URI: /oauth-server/app/signin | Data: {"email":"m.khizeryounas@gmail.com","pwd":"1234","hms-btn":"login"}
>> POST - 2018-02-21 01:47:13 am | URI: /oauth-server/app/signin | Data: {"email":"m.khizeryounas@gmail.com","pwd":"1234","hms-btn":"login"}
>> POST - 2018-02-21 01:47:17 am | URI: /oauth-server/app/signin | Data: {"email":"m.khizeryounas@gmail.com","pwd":"12345","hms-btn":"login"}
>> POST - 2018-02-21 01:47:37 am | URI: /oauth-server/app/signin | Data: {"email":"m.khizeryounas@gmail.com","pwd":"1234","hms-btn":"login"}
>> GET - 2018-02-21 01:47:37 am | URI: /oauth-server/app/status_get | Data: {"\/app\/status_get":""}
>> GET - 2018-02-21 01:47:55 am | URI: /oauth-server/app/status_get | Data: {"\/app\/status_get":""}
>> GET - 2018-02-21 01:47:56 am | URI: /oauth-server/app/signin | Data: {"\/app\/signin":""}
>> GET - 2018-02-21 01:47:56 am | URI: /oauth-server/app | Data: {"\/app":""}
>> GET - 2018-02-21 01:47:59 am | URI: /oauth-server/app | Data: {"\/app":""}
>> GET - 2018-02-21 01:48:07 am | URI: /oauth-server/app | Data: {"\/app":""}
>> GET - 2018-02-21 01:48:09 am | URI: /oauth-server/app/signin | Data: {"\/app\/signin":""}
>> GET - 2018-02-21 01:48:10 am | URI: /oauth-server/app/signin | Data: {"\/app\/signin":""}
>> GET - 2018-02-21 01:48:10 am | URI: /oauth-server/app | Data: {"\/app":""}
>> GET - 2018-02-21 01:48:46 am | URI: /oauth-server/app | Data: {"\/app":""}
>> GET - 2018-02-21 01:48:51 am | URI: /oauth-server/app/signin | Data: {"\/app\/signin":""}
>> GET - 2018-02-21 01:49:01 am | URI: /oauth-server/app/signin | Data: {"\/app\/signin":""}
>> GET - 2018-02-21 01:49:12 am | URI: /oauth-server/app/signin | Data: {"\/app\/signin":""}
>> POST - 2018-02-21 01:49:14 am | URI: /oauth-server/app/signin | Data: {"email":"khizer@shopdesk.co","pwd":"1234","hms-btn":"login"}
>> POST - 2018-02-21 01:49:20 am | URI: /oauth-server/app/signin | Data: {"email":"m.khizeryounas@gmail.com","pwd":"1234","hms-btn":"login"}
>> GET - 2018-02-21 01:49:20 am | URI: /oauth-server/app/status | Data: {"\/app\/status":""}
>> GET - 2018-02-21 01:50:06 am | URI: /oauth-server/app/status | Data: {"\/app\/status":""}
>> GET - 2018-02-21 01:50:09 am | URI: /oauth-server/oauth/logout | Data: {"\/oauth\/logout":""}
>> GET - 2018-02-21 01:50:11 am | URI: /oauth-server/app/status | Data: {"\/app\/status":""}
>> GET - 2018-02-21 01:50:12 am | URI: /oauth-server/app/signin | Data: {"\/app\/signin":""}
>> POST - 2018-02-21 01:50:13 am | URI: /oauth-server/app/signin | Data: {"email":"khizer@shopdesk.co","pwd":"1234","hms-btn":"login"}
>> POST - 2018-02-21 01:50:16 am | URI: /oauth-server/app/signin | Data: {"email":"m.khizeryounas@gmail.com","pwd":"1234","hms-btn":"login"}
>> GET - 2018-02-21 01:50:16 am | URI: /oauth-server/app/status | Data: {"\/app\/status":""}
>> GET - 2018-02-21 01:50:21 am | URI: /oauth-server/app/status | Data: {"\/app\/status":""}
>> GET - 2018-02-21 01:52:52 am | URI: /oauth-server/app/status | Data: {"\/app\/status":""}
>> GET - 2018-02-21 01:52:53 am | URI: /oauth-server/oauth/logout | Data: {"\/oauth\/logout":""}
>> GET - 2018-02-21 01:52:53 am | URI: /oauth-server/app/status | Data: {"\/app\/status":""}
>> GET - 2018-02-21 01:52:53 am | URI: /oauth-server/app/signin | Data: {"\/app\/signin":""}
>> GET - 2018-02-21 01:53:01 am | URI: /oauth-server/app/signin?redirect=http://localhost:8888/oauth-server/oauth/authorize?response_type=code&client_id=shopdeskClientId&redirect_uri=http://localhost:8888/oauth-server/example/redirect.php&scope=read,write | Data: {"\/app\/signin":""}
>> GET - 2018-02-21 01:53:13 am | URI: /oauth-server/app/signin?redirect=http://localhost:8888/oauth-server/oauth/authorize?response_type=code&client_id=shopdeskClientId&redirect_uri=http://localhost:8888/oauth-server/example/redirect.php&scope=read,write | Data: {"\/app\/signin":""}
>> POST - 2018-02-21 01:53:21 am | URI: /oauth-server/app/signin | Data: {"email":"khizer@shopdesk.co","pwd":"1234","hms-btn":"login"}
>> POST - 2018-02-21 01:53:25 am | URI: /oauth-server/app/signin | Data: {"email":"khizer@shopdesk.co","pwd":"1234","hms-btn":"login"}
>> GET - 2018-02-21 01:55:00 am | URI: /oauth-server/app/signin?redirect=http://localhost:8888/oauth-server/oauth/authorize?response_type=code&client_id=shopdeskClientId&redirect_uri=http://localhost:8888/oauth-server/example/redirect.php&scope=read,write | Data: {"\/app\/signin":""}
>> GET - 2018-02-21 01:55:06 am | URI: /oauth-server/app/signin?redirect=http://localhost:8888/oauth-server/oauth/authorize?response_type=code&client_id=shopdeskClientId&redirect_uri=http://localhost:8888/oauth-server/example/redirect.php&scope=read,write | Data: {"\/app\/signin":""}
>> GET - 2018-02-21 01:56:09 am | URI: /oauth-server/app/signin?redirect=http://localhost:8888/oauth-server/oauth/authorize?response_type=code&client_id=shopdeskClientId&redirect_uri=http://localhost:8888/oauth-server/example/redirect.php&scope=read,write | Data: {"\/app\/signin":""}
>> GET - 2018-02-21 01:56:31 am | URI: /oauth-server/app/signin?redirect=http://localhost:8888/oauth-server/oauth/authorize?response_type=code&client_id=shopdeskClientId&redirect_uri=http://localhost:8888/oauth-server/example/redirect.php&scope=read,write | Data: {"\/app\/signin":""}
>> GET - 2018-02-21 01:57:05 am | URI: /oauth-server/app/signin?redirect=http://localhost:8888/oauth-server/oauth/authorize?response_type=code&client_id=shopdeskClientId&redirect_uri=http://localhost:8888/oauth-server/example/redirect.php&scope=read,write | Data: {"\/app\/signin":""}
>> GET - 2018-02-21 01:57:14 am | URI: /oauth-server/app/signin?redirect=http://localhost:8888/oauth-server/oauth/authorize?response_type=code&client_id=shopdeskClientId&redirect_uri=http://localhost:8888/oauth-server/example/redirect.php&scope=read,write | Data: {"\/app\/signin":""}
>> GET - 2018-02-21 01:58:04 am | URI: /oauth-server/app/signin?redirect=http://localhost:8888/oauth-server/oauth/authorize?response_type=code&client_id=shopdeskClientId&redirect_uri=http://localhost:8888/oauth-server/example/redirect.php&scope=read,write | Data: {"\/app\/signin":""}
>> GET - 2018-02-21 01:58:11 am | URI: /oauth-server/app/signin?redirect=http%3A%2F%2Flocalhost%3A8888%2Foauth-server%2Foauth%2Fauthorize%3Fresponse_type%3Dcode%26client_id%3DshopdeskClientId%26redirect_uri%3Dhttp%3A%2F%2Flocalhost%3A8888%2Foauth-server%2Fexample%2Fredirect.php%26scope%3Dread%2Cwrite | Data: {"\/app\/signin":""}
>> POST - 2018-02-21 01:58:16 am | URI: /oauth-server/app/signin | Data: {"email":"m.khizeryounas@gmail.com","redirect":"http:\/\/localhost:8888\/oauth-server\/oauth\/authorize?response_type=code&client_id=shopdeskClientId&redirect_uri=http:\/\/localhost:8888\/oauth-server\/example\/redirect.php&scope=read,write","pwd":"1234","hms-btn":"login"}
>> POST - 2018-02-21 01:58:49 am | URI: /oauth-server/app/signin | Data: {"email":"m.khizeryounas@gmail.com","redirect":"http:\/\/localhost:8888\/oauth-server\/oauth\/authorize?response_type=code&client_id=shopdeskClientId&redirect_uri=http:\/\/localhost:8888\/oauth-server\/example\/redirect.php&scope=read,write","pwd":"1234","hms-btn":"login"}
>> GET - 2018-02-21 01:58:49 am | URI: /oauth-server/oauth/authorize?response_type=code&client_id=shopdeskClientId&redirect_uri=http://localhost:8888/oauth-server/example/redirect.php&scope=read,write | Data: {"\/oauth\/authorize":""}
>> GET - 2018-02-21 01:58:57 am | URI: /oauth-server/oauth/logout | Data: {"\/oauth\/logout":""}
>> GET - 2018-02-21 01:58:58 am | URI: /oauth-server/oauth/authorize?response_type=code&client_id=shopdeskClientId&redirect_uri=http://localhost:8888/oauth-server/example/redirect.php&scope=read,write | Data: {"\/oauth\/authorize":""}
>> GET - 2018-02-21 01:58:59 am | URI: /oauth-server/oauth/authorize?response_type=code&client_id=shopdeskClientId&redirect_uri=http://localhost:8888/oauth-server/example/redirect.php&scope=read,write | Data: {"\/oauth\/authorize":""}
>> GET - 2018-02-21 01:59:00 am | URI: /oauth-server/oauth/authorize?response_type=code&client_id=shopdeskClientId&redirect_uri=http://localhost:8888/oauth-server/example/redirect.php&scope=read,write | Data: {"\/oauth\/authorize":""}
>> GET - 2018-02-21 01:59:00 am | URI: /oauth-server/oauth/authorize?response_type=code&client_id=shopdeskClientId&redirect_uri=http://localhost:8888/oauth-server/example/redirect.php&scope=read,write | Data: {"\/oauth\/authorize":""}
>> GET - 2018-02-21 01:59:04 am | URI: /oauth-server/oauth/authorize?response_type=code&client_id=shopdeskClientId&redirect_uri=http://localhost:8888/oauth-server/example/redirect.php&scope=read,write | Data: {"\/oauth\/authorize":""}
>> GET - 2018-02-21 01:59:08 am | URI: /oauth-server/oauth/authorize?response_type=code&client_id=shopdeskClientId&redirect_uri=http://localhost:8888/oauth-server/example/redirect.php&scope=read,write | Data: {"\/oauth\/authorize":""}
>> GET - 2018-02-21 01:59:11 am | URI: /oauth-server/oauth/authorize?response_type=code&client_id=shopdeskClientId&redirect_uri=http://localhost:8888/oauth-server/example/redirect.php&scope=read,write | Data: {"\/oauth\/authorize":""}
>> GET - 2018-02-21 01:59:12 am | URI: /oauth-server/oauth/authorize?response_type=code&client_id=shopdeskClientId&redirect_uri=http://localhost:8888/oauth-server/example/redirect.php&scope=read,write | Data: {"\/oauth\/authorize":""}
>> GET - 2018-02-21 01:59:15 am | URI: /oauth-server/app/signin | Data: {"\/app\/signin":""}
>> POST - 2018-02-21 01:59:31 am | URI: /oauth-server/app/signin | Data: {"email":"m.khizeryounas@gmail.com","redirect":"","pwd":"1234","hms-btn":"login"}
>> GET - 2018-02-21 01:59:31 am | URI: /oauth-server/ | Data: []
>> GET - 2018-02-21 01:59:35 am | URI: /oauth-server/ | Data: []
>> GET - 2018-02-21 01:59:38 am | URI: /oauth-server/app/signin | Data: {"\/app\/signin":""}
>> GET - 2018-02-21 01:59:38 am | URI: /oauth-server/app/status | Data: {"\/app\/status":""}
>> GET - 2018-02-21 01:59:39 am | URI: /oauth-server/app/signin?redirect=http%3A%2F%2Flocalhost%3A8888%2Foauth-server%2Foauth%2Fauthorize%3Fresponse_type%3Dcode%26client_id%3DshopdeskClientId%26redirect_uri%3Dhttp%3A%2F%2Flocalhost%3A8888%2Foauth-server%2Fexample%2Fredirect.php%26scope%3Dread%2Cwrite | Data: {"\/app\/signin":""}
>> GET - 2018-02-21 01:59:39 am | URI: /oauth-server/app/status | Data: {"\/app\/status":""}
>> GET - 2018-02-21 01:59:40 am | URI: /oauth-server/app/status | Data: {"\/app\/status":""}
>> GET - 2018-02-21 01:59:43 am | URI: /oauth-server/oauth/logout | Data: {"\/oauth\/logout":""}
>> GET - 2018-02-21 01:59:44 am | URI: /oauth-server/app/status | Data: {"\/app\/status":""}
>> GET - 2018-02-21 01:59:44 am | URI: /oauth-server/app/signin | Data: {"\/app\/signin":""}
>> GET - 2018-02-21 01:59:47 am | URI: /oauth-server/app/signin?redirect=http%3A%2F%2Flocalhost%3A8888%2Foauth-server%2Foauth%2Fauthorize%3Fresponse_type%3Dcode%26client_id%3DshopdeskClientId%26redirect_uri%3Dhttp%3A%2F%2Flocalhost%3A8888%2Foauth-server%2Fexample%2Fredirect.php%26scope%3Dread%2Cwrite | Data: {"\/app\/signin":""}
>> POST - 2018-02-21 01:59:50 am | URI: /oauth-server/app/signin | Data: {"email":"khizer@shopdesk.co","redirect":"http:\/\/localhost:8888\/oauth-server\/oauth\/authorize?response_type=code&client_id=shopdeskClientId&redirect_uri=http:\/\/localhost:8888\/oauth-server\/example\/redirect.php&scope=read,write","pwd":"1234","hms-btn":"login"}
>> POST - 2018-02-21 02:00:50 am | URI: /oauth-server/app/signin | Data: {"email":"khizer@shopdesk.co","redirect":"http:\/\/localhost:8888\/oauth-server\/oauth\/authorize?response_type=code&client_id=shopdeskClientId&redirect_uri=http:\/\/localhost:8888\/oauth-server\/example\/redirect.php&scope=read,write","pwd":"1234","hms-btn":"login"}
>> POST - 2018-02-21 02:00:53 am | URI: /oauth-server/app/signin | Data: {"email":"khizer@shopdesk.co","redirect":"http:\/\/localhost:8888\/oauth-server\/oauth\/authorize?response_type=code&client_id=shopdeskClientId&redirect_uri=http:\/\/localhost:8888\/oauth-server\/example\/redirect.php&scope=read,write","pwd":"1234","hms-btn":"login"}
>> POST - 2018-02-21 02:01:00 am | URI: /oauth-server/app/signin | Data: {"email":"m.khizeryounas@gmail.com","redirect":"http:\/\/localhost:8888\/oauth-server\/oauth\/authorize?response_type=code&client_id=shopdeskClientId&redirect_uri=http:\/\/localhost:8888\/oauth-server\/example\/redirect.php&scope=read,write","pwd":"1234","hms-btn":"login"}
>> GET - 2018-02-21 02:01:00 am | URI: /oauth-server/oauth/authorize?response_type=code&client_id=shopdeskClientId&redirect_uri=http://localhost:8888/oauth-server/example/redirect.php&scope=read,write | Data: {"\/oauth\/authorize":""}
>> GET - 2018-02-21 02:03:42 am | URI: /oauth-server/oauth/authorize?response_type=code&client_id=shopdeskClientId&redirect_uri=http://localhost:8888/oauth-server/example/redirect.php&scope=read,write | Data: {"\/oauth\/authorize":""}
>> GET - 2018-02-21 02:04:33 am | URI: /oauth-server/oauth/authorize?response_type=code&client_id=shopdeskClientId&redirect_uri=http://localhost:8888/oauth-server/example/redirect.php&scope=read,write | Data: {"\/oauth\/authorize":""}
>> GET - 2018-02-21 02:04:42 am | URI: /oauth-server/oauth/authorize?response_type=code&client_id=shopdeskClientId&redirect_uri=http://localhost:8888/oauth-server/example/redirect.php&scope=read,write | Data: {"\/oauth\/authorize":""}
>> GET - 2018-02-21 02:05:06 am | URI: /oauth-server/oauth/authorize?response_type=code&client_id=shopdeskClientId&redirect_uri=http://localhost:8888/oauth-server/example/redirect.php&scope=read,write | Data: {"\/oauth\/authorize":""}
>> GET - 2018-02-21 02:05:27 am | URI: /oauth-server/oauth/authorize?response_type=code&client_id=shopdeskClientId&redirect_uri=http://localhost:8888/oauth-server/example/redirect.php&scope=read,write | Data: {"\/oauth\/authorize":""}
>> GET - 2018-02-21 02:05:31 am | URI: /oauth-server/oauth/authorize?response_type=code&client_id=shopdeskClientId&redirect_uri=http://localhost:8888/oauth-server/example/redirect.php&scope=read,write | Data: {"\/oauth\/authorize":""}
>> GET - 2018-02-21 02:05:42 am | URI: /oauth-server/oauth/authorize?response_type=code&client_id=shopdeskClientId&redirect_uri=http://localhost:8888/oauth-server/example/redirect.php&scope=read,write | Data: {"\/oauth\/authorize":""}
>> GET - 2018-02-21 02:05:49 am | URI: /oauth-server/oauth/authorize?response_type=code&client_id=shopdeskClientId&redirect_uri=http://localhost:8888/oauth-server/example/redirect.php&scope=read,write | Data: {"\/oauth\/authorize":""}
>> GET - 2018-02-21 02:06:48 am | URI: /oauth-server/oauth/authorize?response_type=code&client_id=shopdeskClientId&redirect_uri=http://localhost:8888/oauth-server/example/redirect.php&scope=read,write | Data: {"\/oauth\/authorize":""}
>> GET - 2018-02-21 02:06:49 am | URI: /oauth-server/oauth/authorize?response_type=code&client_id=shopdeskClientId&redirect_uri=http://localhost:8888/oauth-server/example/redirect.php&scope=read,write | Data: {"\/oauth\/authorize":""}
>> GET - 2018-02-21 02:06:53 am | URI: /oauth-server/oauth/logout | Data: {"\/oauth\/logout":""}
>> GET - 2018-02-21 02:06:53 am | URI: /oauth-server/oauth/authorize?response_type=code&client_id=shopdeskClientId&redirect_uri=http://localhost:8888/oauth-server/example/redirect.php&scope=read,write | Data: {"\/oauth\/authorize":""}
>> GET - 2018-02-21 02:06:53 am | URI: /oauth-server/app/signin?redirect=http%3A%2F%2Flocalhost%3A8888%2Foauth-server%2Foauth%2Fauthorize%3Fresponse_type%3Dcode%26client_id%3DshopdeskClientId%26redirect_uri%3Dhttp%3A%2F%2Flocalhost%3A8888%2Foauth-server%2Fexample%2Fredirect.php%26scope%3Dread%2Cwrite | Data: {"\/app\/signin":""}
>> POST - 2018-02-21 02:06:58 am | URI: /oauth-server/app/signin | Data: {"email":"khizer@shopdesk.co","redirect":"http:\/\/localhost:8888\/oauth-server\/oauth\/authorize?response_type=code&client_id=shopdeskClientId&redirect_uri=http:\/\/localhost:8888\/oauth-server\/example\/redirect.php&scope=read,write","pwd":"1234","hms-btn":"login"}
>> POST - 2018-02-21 02:07:05 am | URI: /oauth-server/app/signin | Data: {"email":"m.khizeryounas@gmail.com","redirect":"http:\/\/localhost:8888\/oauth-server\/oauth\/authorize?response_type=code&client_id=shopdeskClientId&redirect_uri=http:\/\/localhost:8888\/oauth-server\/example\/redirect.php&scope=read,write","pwd":"1234","hms-btn":"login"}
>> GET - 2018-02-21 02:07:05 am | URI: /oauth-server/oauth/authorize?response_type=code&client_id=shopdeskClientId&redirect_uri=http://localhost:8888/oauth-server/example/redirect.php&scope=read,write | Data: {"\/oauth\/authorize":""}
>> GET - 2018-02-21 02:07:31 am | URI: /oauth-server/oauth/authorize?response_type=code&client_id=shopdeskClientId&redirect_uri=http://localhost:8888/oauth-server/example/redirect.php&scope=read,write | Data: {"\/oauth\/authorize":""}
>> GET - 2018-02-21 03:10:58 am | URI: /oauth-server/oauth/authorize?response_type=code&client_id=shopdeskClientId&redirect_uri=http://localhost:8888/oauth-server/example/redirect.php&scope=read,write | Data: {"\/oauth\/authorize":""}
>> GET - 2018-02-21 03:11:00 am | URI: /oauth-server/oauth/authorize?response_type=code&client_id=shopdeskClientId&redirect_uri=http://localhost:8888/oauth-server/example/redirect.php&scope=read,write | Data: {"\/oauth\/authorize":""}
>> GET - 2018-02-21 03:11:04 am | URI: /oauth-server/oauth/logout | Data: {"\/oauth\/logout":""}
>> GET - 2018-02-21 03:11:05 am | URI: /oauth-server/oauth/authorize?response_type=code&client_id=shopdeskClientId&redirect_uri=http://localhost:8888/oauth-server/example/redirect.php&scope=read,write | Data: {"\/oauth\/authorize":""}
>> GET - 2018-02-21 03:11:05 am | URI: /oauth-server/app/signin?redirect=http%3A%2F%2Flocalhost%3A8888%2Foauth-server%2Foauth%2Fauthorize%3Fresponse_type%3Dcode%26client_id%3DshopdeskClientId%26redirect_uri%3Dhttp%3A%2F%2Flocalhost%3A8888%2Foauth-server%2Fexample%2Fredirect.php%26scope%3Dread%2Cwrite | Data: {"\/app\/signin":""}
>> POST - 2018-02-21 03:11:07 am | URI: /oauth-server/app/signin | Data: {"email":"khizer@shopdesk.co","redirect":"http:\/\/localhost:8888\/oauth-server\/oauth\/authorize?response_type=code&client_id=shopdeskClientId&redirect_uri=http:\/\/localhost:8888\/oauth-server\/example\/redirect.php&scope=read,write","pwd":"1234","hms-btn":"login"}
>> POST - 2018-02-21 03:11:09 am | URI: /oauth-server/app/signin | Data: {"email":"khizer@shopdesk.co","redirect":"http:\/\/localhost:8888\/oauth-server\/oauth\/authorize?response_type=code&client_id=shopdeskClientId&redirect_uri=http:\/\/localhost:8888\/oauth-server\/example\/redirect.php&scope=read,write","pwd":"1234","hms-btn":"login"}
>> POST - 2018-02-21 03:11:14 am | URI: /oauth-server/app/signin | Data: {"email":"m.khizeryounas@gmail.com","redirect":"http:\/\/localhost:8888\/oauth-server\/oauth\/authorize?response_type=code&client_id=shopdeskClientId&redirect_uri=http:\/\/localhost:8888\/oauth-server\/example\/redirect.php&scope=read,write","pwd":"1234","hms-btn":"login"}
>> GET - 2018-02-21 03:11:15 am | URI: /oauth-server/oauth/authorize?response_type=code&client_id=shopdeskClientId&redirect_uri=http://localhost:8888/oauth-server/example/redirect.php&scope=read,write | Data: {"\/oauth\/authorize":""}
>> GET - 2018-02-21 03:11:20 am | URI: /oauth-server/example/redirect.php | Data: {"\/example\/redirect_php":""}
>> GET - 2018-02-21 03:11:23 am | URI: /oauth-server/oauth/authorize?response_type=code&client_id=shopdeskClientId&redirect_uri=http://localhost:8888/oauth-server/example/redirect.php&scope=read,write | Data: {"\/oauth\/authorize":""}
>> GET - 2018-02-21 03:11:24 am | URI: /oauth-server/example/redirect.php | Data: {"\/example\/redirect_php":""}
>> GET - 2018-02-21 03:11:26 am | URI: /oauth-server/oauth/authorize?response_type=code&client_id=shopdeskClientId&redirect_uri=http://localhost:8888/oauth-server/example/redirect.php&scope=read,write | Data: {"\/oauth\/authorize":""}
>> GET - 2018-02-21 03:11:41 am | URI: /oauth-server/oauth/authorize?response_type=code&client_id=shopdeskClientId&redirect_uri=http://localhost:8888/oauth-server/example/redirect.php&scope=read,write | Data: {"\/oauth\/authorize":""}
>> GET - 2018-02-21 03:11:41 am | URI: /oauth-server/oauth/authorize?response_type=code&client_id=shopdeskClientId&redirect_uri=http://localhost:8888/oauth-server/example/redirect.php&scope=read,write | Data: {"\/oauth\/authorize":""}
>> GET - 2018-02-21 03:11:42 am | URI: /oauth-server/oauth/authorize?response_type=code&client_id=shopdeskClientId&redirect_uri=http://localhost:8888/oauth-server/example/redirect.php&scope=read,write | Data: {"\/oauth\/authorize":""}
>> GET - 2018-02-21 03:11:43 am | URI: /oauth-server/oauth/authorize?response_type=code&client_id=shopdeskClientId&redirect_uri=http://localhost:8888/oauth-server/example/redirect.php&scope=read,write | Data: {"\/oauth\/authorize":""}
>> GET - 2018-02-21 03:11:43 am | URI: /oauth-server/oauth/authorize?response_type=code&client_id=shopdeskClientId&redirect_uri=http://localhost:8888/oauth-server/example/redirect.php&scope=read,write | Data: {"\/oauth\/authorize":""}
>> GET - 2018-02-21 03:11:46 am | URI: /oauth-server/oauth/logout | Data: {"\/oauth\/logout":""}
>> GET - 2018-02-21 03:11:48 am | URI: /oauth-server/oauth/authorize?response_type=code&client_id=shopdeskClientId&redirect_uri=http://localhost:8888/oauth-server/example/redirect.php&scope=read,write | Data: {"\/oauth\/authorize":""}
>> GET - 2018-02-21 03:11:48 am | URI: /oauth-server/app/signin?redirect=http%3A%2F%2Flocalhost%3A8888%2Foauth-server%2Foauth%2Fauthorize%3Fresponse_type%3Dcode%26client_id%3DshopdeskClientId%26redirect_uri%3Dhttp%3A%2F%2Flocalhost%3A8888%2Foauth-server%2Fexample%2Fredirect.php%26scope%3Dread%2Cwrite | Data: {"\/app\/signin":""}
>> GET - 2018-02-21 03:11:48 am | URI: /oauth-server/app/signin?redirect=http%3A%2F%2Flocalhost%3A8888%2Foauth-server%2Foauth%2Fauthorize%3Fresponse_type%3Dcode%26client_id%3DshopdeskClientId%26redirect_uri%3Dhttp%3A%2F%2Flocalhost%3A8888%2Foauth-server%2Fexample%2Fredirect.php%26scope%3Dread%2Cwrite | Data: {"\/app\/signin":""}
>> POST - 2018-02-21 03:11:50 am | URI: /oauth-server/app/signin | Data: {"email":"khizer@shopdesk.co","redirect":"http:\/\/localhost:8888\/oauth-server\/oauth\/authorize?response_type=code&client_id=shopdeskClientId&redirect_uri=http:\/\/localhost:8888\/oauth-server\/example\/redirect.php&scope=read,write","pwd":"1234","hms-btn":"login"}
>> POST - 2018-02-21 03:11:55 am | URI: /oauth-server/app/signin | Data: {"email":"m.khizeryounas@gmail.com","redirect":"http:\/\/localhost:8888\/oauth-server\/oauth\/authorize?response_type=code&client_id=shopdeskClientId&redirect_uri=http:\/\/localhost:8888\/oauth-server\/example\/redirect.php&scope=read,write","pwd":"1234","hms-btn":"login"}
>> GET - 2018-02-21 03:11:55 am | URI: /oauth-server/oauth/authorize?response_type=code&client_id=shopdeskClientId&redirect_uri=http://localhost:8888/oauth-server/example/redirect.php&scope=read,write | Data: {"\/oauth\/authorize":""}
>> GET - 2018-02-21 03:12:19 am | URI: /oauth-server/oauth/authorize?response_type=code&client_id=shopdeskClientId&redirect_uri=http://localhost:8888/oauth-server/example/redirect.php&scope=read,write | Data: {"\/oauth\/authorize":""}
>> GET - 2018-02-21 03:12:59 am | URI: /oauth-server/oauth/authorize?response_type=code&client_id=shopdeskClientId&redirect_uri=http://localhost:8888/oauth-server/example/redirect.php&scope=read,write | Data: {"\/oauth\/authorize":""}
>> GET - 2018-02-21 03:13:07 am | URI: /oauth-server/oauth/authorize?response_type=code&client_id=shopdeskClientId&redirect_uri=http://localhost:8888/oauth-server/example/redirect.php&scope=read,write | Data: {"\/oauth\/authorize":""}
>> GET - 2018-02-21 03:13:08 am | URI: /oauth-server/oauth/authorize?response_type=code&client_id=shopdeskClientId&redirect_uri=http://localhost:8888/oauth-server/example/redirect.php&scope=read,write | Data: {"\/oauth\/authorize":""}
>> GET - 2018-02-21 03:13:11 am | URI: /oauth-server/oauth/authorize?response_type=code&client_id=shopdeskClientId&redirect_uri=http://localhost:8888/oauth-server/example/redirect.php&scope=read,write | Data: {"\/oauth\/authorize":""}
>> GET - 2018-02-21 03:14:03 am | URI: /oauth-server/oauth/authorize?response_type=code&client_id=shopdeskClientId&redirect_uri=http://localhost:8888/oauth-server/example/redirect.php&scope=read,write | Data: {"\/oauth\/authorize":""}
>> GET - 2018-02-21 03:14:07 am | URI: /oauth-server/app/signin | Data: {"\/app\/signin":""}
>> GET - 2018-02-21 03:14:07 am | URI: /oauth-server/app/status | Data: {"\/app\/status":""}
>> GET - 2018-02-21 03:14:12 am | URI: /oauth-server/app/status | Data: {"\/app\/status":""}
>> GET - 2018-02-21 03:14:16 am | URI: /oauth-server/app/ | Data: {"\/app\/":""}
>> GET - 2018-02-21 03:14:19 am | URI: /oauth-server/app/signin | Data: {"\/app\/signin":""}
>> GET - 2018-02-21 03:14:19 am | URI: /oauth-server/app/status | Data: {"\/app\/status":""}
>> GET - 2018-02-21 03:14:19 am | URI: /oauth-server/app/signin | Data: {"\/app\/signin":""}
>> GET - 2018-02-21 03:14:19 am | URI: /oauth-server/app/status | Data: {"\/app\/status":""}
>> GET - 2018-02-21 03:14:28 am | URI: /oauth-server/app/signin | Data: {"\/app\/signin":""}
>> GET - 2018-02-21 03:14:28 am | URI: /oauth-server/app/status | Data: {"\/app\/status":""}
>> GET - 2018-02-21 03:14:41 am | URI: /oauth-server/oauth/authorize | Data: {"\/oauth\/authorize":""}
>> GET - 2018-02-21 03:14:45 am | URI: /oauth-server/oauth/authorize?response_type=code | Data: {"\/oauth\/authorize":""}
>> GET - 2018-02-21 03:14:49 am | URI: /oauth-server/oauth/authorize?response_type=code | Data: {"\/oauth\/authorize":""}
>> GET - 2018-02-21 03:14:53 am | URI: /oauth-server/oauth/authorize?response_type=code&client_id=shopdeskClientId&redirect_uri=localhost:8888/oauth-server/example/redirect.php&scope=products_read,products_write | Data: {"\/oauth\/authorize":""}
>> GET - 2018-02-21 04:40:09 pm | URI: /oauth-server/oauth/authorize?response_type=code&client_id=shopdeskClientId&redirect_uri=localhost:8888/oauth-server/example/redirect.php&scope=products_read,products_write | Data: {"\/oauth\/authorize":""}
>> GET - 2018-02-21 04:40:22 pm | URI: /oauth-server/oauth/authorize?response_type=password&client_id=shopdeskClientId&redirect_uri=localhost:8888/oauth-server/example/redirect.php&scope=products_read,products_write | Data: {"\/oauth\/authorize":""}
>> GET - 2018-02-21 04:40:34 pm | URI: /oauth-server/oauth/authorize?response_type=code%27&client_id=shopdeskClientId&redirect_uri=localhost:8888/oauth-server/example/redirect.php&scope=products_read,products_write | Data: {"\/oauth\/authorize":""}
>> GET - 2018-02-21 04:40:41 pm | URI: /oauth-server/oauth/authorize?response_type=code&client_id=shopdeskClientId&redirect_uri=localhost:8888/oauth-server/example/redirect.php&scope=products_read,products_write | Data: {"\/oauth\/authorize":""}
>> GET - 2018-02-21 04:41:29 pm | URI: /oauth-server/oauth/authorize?response_type=code&client_id=shopdeskClientId&redirect_uri=localhost:8888/oauth-server/example/redirect.php&scope=products_read,products_write | Data: {"\/oauth\/authorize":""}
>> GET - 2018-02-21 04:42:23 pm | URI: /oauth-server/oauth/authorize?response_type=code&client_id=shopdeskClientId&redirect_uri=localhost:8888/oauth-server/example/redirect.php&scope=products_read,products_write | Data: {"\/oauth\/authorize":""}
>> GET - 2018-02-21 04:43:45 pm | URI: /oauth-server/oauth/authorize?response_type=code&client_id=shopdeskClientId&redirect_uri=localhost:8888/oauth-server/example/redirect.php&scope=products_read,products_write | Data: {"\/oauth\/authorize":""}
>> GET - 2018-02-21 04:43:51 pm | URI: /oauth-server/oauth/authorize?response_type=code&client_id=shopdeskClientId&redirect_uri=localhost:8888/oauth-server/example/redirect.php&scope=products_read,products_write | Data: {"\/oauth\/authorize":""}
>> GET - 2018-02-21 04:43:52 pm | URI: /oauth-server/oauth/authorize?response_type=code&client_id=shopdeskClientId&redirect_uri=localhost:8888/oauth-server/example/redirect.php&scope=products_read,products_write | Data: {"\/oauth\/authorize":""}
>> GET - 2018-02-21 04:44:21 pm | URI: /oauth-server/oauth/authorize?response_type=code&client_id=shopdeskClientId&redirect_uri=localhost:8888/oauth-server/example/redirect.php&scope=products_read,products_write | Data: {"\/oauth\/authorize":""}
>> GET - 2018-02-21 04:44:24 pm | URI: /oauth-server/oauth/authorize?response_type=code&client_id=shopdeskClientId&redirect_uri=localhost:8888/oauth-server/example/redirect.php&scope=products_read,products_write | Data: {"\/oauth\/authorize":""}
>> GET - 2018-02-21 04:44:24 pm | URI: /oauth-server/oauth/authorize?response_type=code&client_id=shopdeskClientId&redirect_uri=localhost:8888/oauth-server/example/redirect.php&scope=products_read,products_write | Data: {"\/oauth\/authorize":""}
>> GET - 2018-02-21 04:44:27 pm | URI: /oauth-server/oauth/authorize?response_type=code&client_id=shopdeskClientId&redirect_uri=localhost:8888/oauth-server/example/redirect.php&scope=products_read,products_write | Data: {"\/oauth\/authorize":""}
>> GET - 2018-02-21 04:44:42 pm | URI: /oauth-server/oauth/authorize?response_type=code&client_id=shopdeskClientId&redirect_uri=localhost:8888/oauth-server/example/redirect.php&scope=products_read,products_write | Data: {"\/oauth\/authorize":""}
>> GET - 2018-02-21 04:44:49 pm | URI: /oauth-server/oauth/authorize?response_type=code&client_id=shopdeskClientId&redirect_uri=localhost:8888/oauth-server/example/redirect.php&scope=products_read,products_write | Data: {"\/oauth\/authorize":""}
>> GET - 2018-02-21 04:44:50 pm | URI: /oauth-server/oauth/authorize?response_type=code&client_id=shopdeskClientId&redirect_uri=localhost:8888/oauth-server/example/redirect.php&scope=products_read,products_write | Data: {"\/oauth\/authorize":""}
>> GET - 2018-02-21 04:44:53 pm | URI: /oauth-server/oauth/authorize?response_type=code&client_id=shopdeskClientId&redirect_uri=localhost:8888/oauth-server/example/redirect.php&scope=products_read,products_write | Data: {"\/oauth\/authorize":""}
>> GET - 2018-02-21 04:44:57 pm | URI: /oauth-server/oauth/authorize?response_type=code&client_id=shopdeskClientId&redirect_uri=localhost:8888/oauth-server/example/redirect.php&scope=products_read,products_write | Data: {"\/oauth\/authorize":""}
>> GET - 2018-02-21 04:45:25 pm | URI: /oauth-server/oauth/authorize?response_type=code&client_id=shopdeskClientId&redirect_uri=localhost:8888/oauth-server/example/redirect.php&scope=products_read,products_write | Data: {"\/oauth\/authorize":""}
>> GET - 2018-02-21 04:45:29 pm | URI: /oauth-server/oauth/authorize?response_type=code&client_id=shopdeskClientId&redirect_uri=localhost:8888/oauth-server/example/redirect.php&scope=products_read,products_write | Data: {"\/oauth\/authorize":""}
>> GET - 2018-02-21 04:48:59 pm | URI: /oauth-server/oauth/authorize?response_type=code&client_id=shopdeskClientId&redirect_uri=localhost:8888/oauth-server/example/redirect.php&scope=products_read,products_write | Data: {"\/oauth\/authorize":""}
>> GET - 2018-02-21 04:49:10 pm | URI: /oauth-server/oauth/authorize?response_type=code&client_id=shopdeskClientId&redirect_uri=localhost:8888/oauth-server/example/redirect.php&scope=products_read,products_write | Data: {"\/oauth\/authorize":""}
>> GET - 2018-02-21 04:49:13 pm | URI: /oauth-server/oauth/authorize?response_type=code&client_id=shopdeskClientId&redirect_uri=localhost:8888/oauth-server/example/redirect.php&scope=products_read,products_write | Data: {"\/oauth\/authorize":""}
>> GET - 2018-02-21 04:50:05 pm | URI: /oauth-server/oauth/authorize?response_type=code&client_id=shopdeskClientId&redirect_uri=localhost:8888/oauth-server/example/redirect.php&scope=products_read,products_write | Data: {"\/oauth\/authorize":""}
>> GET - 2018-02-21 04:50:06 pm | URI: /oauth-server/oauth/authorize?response_type=code&client_id=shopdeskClientId&redirect_uri=localhost:8888/oauth-server/example/redirect.php&scope=products_read,products_write | Data: {"\/oauth\/authorize":""}
>> GET - 2018-02-21 04:50:11 pm | URI: /oauth-server/oauth/authorize?response_type=code&client_id=shopdeskClientId&redirect_uri=localhost:8888/oauth-server/example/redirect.php&scope=products_read,products_write | Data: {"\/oauth\/authorize":""}
>> GET - 2018-02-21 04:50:17 pm | URI: /oauth-server/oauth/authorize?response_type=code&client_id=shopdeskClientId&redirect_uri=localhost:8888/oauth-server/example/redirect.php&scope=products_read,products_write | Data: {"\/oauth\/authorize":""}
>> GET - 2018-02-21 04:50:28 pm | URI: /oauth-server/oauth/authorize?response_type=code&client_id=shopdeskClientId&redirect_uri=localhost:8888/oauth-server/example/redirect.php&scope=products_read,products_write | Data: {"\/oauth\/authorize":""}
>> GET - 2018-02-21 04:51:18 pm | URI: /oauth-server/oauth/authorize?response_type=code&client_id=shopdeskClientId&redirect_uri=localhost:8888/oauth-server/example/redirect.php&scope=products_read,products_write | Data: {"\/oauth\/authorize":""}
>> GET - 2018-02-21 04:51:25 pm | URI: /oauth-server/oauth/authorize?response_type=code%27&client_id=shopdeskClientId&redirect_uri=localhost:8888/oauth-server/example/redirect.php&scope=products_read,products_write | Data: {"\/oauth\/authorize":""}
>> GET - 2018-02-21 04:51:30 pm | URI: /oauth-server/app | Data: {"\/app":""}
>> GET - 2018-02-21 04:51:32 pm | URI: /oauth-server/app/signin | Data: {"\/app\/signin":""}
>> GET - 2018-02-21 04:51:33 pm | URI: /oauth-server/app/status | Data: {"\/app\/status":""}
>> GET - 2018-02-21 04:51:34 pm | URI: /oauth-server/app/signin | Data: {"\/app\/signin":""}
>> GET - 2018-02-21 04:51:34 pm | URI: /oauth-server/app/status | Data: {"\/app\/status":""}
>> GET - 2018-02-21 04:51:38 pm | URI: /oauth-server/app/logout | Data: {"\/app\/logout":""}
>> GET - 2018-02-21 04:51:38 pm | URI: /oauth-server/app | Data: {"\/app":""}
>> GET - 2018-02-21 04:51:42 pm | URI: /oauth-server/app/signin | Data: {"\/app\/signin":""}
>> GET - 2018-02-21 04:52:18 pm | URI: /oauth-server/app/signin | Data: {"\/app\/signin":""}
>> POST - 2018-02-21 04:52:19 pm | URI: /oauth-server/app/signin | Data: {"email":"khizer@shopdesk.co","redirect":"","pwd":"1234","hms-btn":"login"}
>> POST - 2018-02-21 04:52:21 pm | URI: /oauth-server/app/signin | Data: {"email":"khizer@shopdesk.co","redirect":"","pwd":"1234","hms-btn":"login"}
>> GET - 2018-02-21 04:52:24 pm | URI: /oauth-server/oauth/authorize?response_type=code&client_id=shopdeskClientId&redirect_uri=localhost:8888/oauth-server/example/redirect.php&scope=products_read,products_write | Data: {"\/oauth\/authorize":""}
>> GET - 2018-02-21 04:52:24 pm | URI: /oauth-server/app/signin?redirect=http%3A%2F%2Flocalhost%3A8888%2Foauth-server%2Foauth%2Fauthorize%3Fresponse_type%3Dcode%26client_id%3DshopdeskClientId%26redirect_uri%3Dlocalhost%3A8888%2Foauth-server%2Fexample%2Fredirect.php%26scope%3Dproducts_read%2Cproducts_write | Data: {"\/app\/signin":""}
>> GET - 2018-02-21 04:52:26 pm | URI: /oauth-server/app/signin?redirect=http%3A%2F%2Flocalhost%3A8888%2Foauth-server%2Foauth%2Fauthorize%3Fresponse_type%3Dcode%26client_id%3DshopdeskClientId%26redirect_uri%3Dlocalhost%3A8888%2Foauth-server%2Fexample%2Fredirect.php%26scope%3Dproducts_read%2Cproducts_write | Data: {"\/app\/signin":""}
>> GET - 2018-02-21 04:52:31 pm | URI: /oauth-server/app/signin?redirect=http%3A%2F%2Flocalhost%3A8888%2Foauth-server%2Foauth%2Fauthorize%3Fresponse_type%3Dcode%26client_id%3DshopdeskClientId%26redirect_uri%3Dlocalhost%3A8888%2Foauth-server%2Fexample%2Fredirect.php%26scope%3Dproducts_read%2Cproducts_write | Data: {"\/app\/signin":""}
>> POST - 2018-02-21 04:52:36 pm | URI: /oauth-server/app/signin | Data: {"email":"m.khizeryounas@gmail.com","redirect":"http:\/\/localhost:8888\/oauth-server\/oauth\/authorize?response_type=code&client_id=shopdeskClientId&redirect_uri=localhost:8888\/oauth-server\/example\/redirect.php&scope=products_read,products_write","pwd":"1234","hms-btn":"login"}
>> GET - 2018-02-21 04:52:36 pm | URI: /oauth-server/oauth/authorize?response_type=code&client_id=shopdeskClientId&redirect_uri=localhost:8888/oauth-server/example/redirect.php&scope=products_read,products_write | Data: {"\/oauth\/authorize":""}
>> GET - 2018-02-21 04:53:44 pm | URI: /oauth-server/oauth/authorize?response_type=code&client_id=shopdeskClientId&redirect_uri=localhost:8888/oauth-server/example/redirect.php&scope=products_read,products_write | Data: {"\/oauth\/authorize":""}
>> GET - 2018-02-21 04:55:38 pm | URI: /oauth-server/oauth/authorize?response_type=code&client_id=shopdeskClientId&redirect_uri=localhost:8888/oauth-server/example/redirect.php&scope=products_read,products_write | Data: {"\/oauth\/authorize":""}
>> GET - 2018-02-21 04:55:46 pm | URI: /oauth-server/oauth/authorize?response_type=code&client_id=shopdeskClientId&redirect_uri=localhost:8888/oauth-server/example/redirect.php&scope=products_read,products_write | Data: {"\/oauth\/authorize":""}
>> GET - 2018-02-21 04:55:56 pm | URI: /oauth-server/oauth/authorize?response_type=code&client_id=shopdeskClientId&redirect_uri=localhost:8888/oauth-server/example/redirect.php&scope=products_read,products_write | Data: {"\/oauth\/authorize":""}
>> GET - 2018-02-21 04:56:02 pm | URI: /oauth-server/oauth/authorize?response_type=code&client_id=shopdeskClientId&redirect_uri=localhost:8888/oauth-server/example/redirect.php&scope=products_read,products_write | Data: {"\/oauth\/authorize":""}
>> GET - 2018-02-21 04:56:46 pm | URI: /oauth-server/oauth/authorize?response_type=code&client_id=shopdeskClientId&redirect_uri=localhost:8888/oauth-server/example/redirect.php&scope=products_read,products_write | Data: {"\/oauth\/authorize":""}
>> GET - 2018-02-21 04:56:47 pm | URI: /oauth-server/oauth/authorize?response_type=code&client_id=shopdeskClientId&redirect_uri=localhost:8888/oauth-server/example/redirect.php&scope=products_read,products_write | Data: {"\/oauth\/authorize":""}
>> GET - 2018-02-21 04:57:44 pm | URI: /oauth-server/oauth/authorize?response_type=code&client_id=shopdeskClientId&redirect_uri=localhost:8888/oauth-server/example/redirect.php&scope=products_read,products_write | Data: {"\/oauth\/authorize":""}
>> GET - 2018-02-21 04:57:49 pm | URI: /oauth-server/oauth/authorize?response_type=code&client_id=shopdeskClientId&redirect_uri=localhost:8888/oauth-server/example/redirect.php&scope=products_read,products_write | Data: {"\/oauth\/authorize":""}
>> GET - 2018-02-21 04:57:58 pm | URI: /oauth-server/oauth/authorize?response_type=code&client_id=shopdeskClientId&redirect_uri=localhost:8888/oauth-server/example/redirect.php&scope=products_read,products_write | Data: {"\/oauth\/authorize":""}
>> GET - 2018-02-21 04:58:39 pm | URI: /oauth-server/oauth/authorize?response_type=code&client_id=shopdeskClientId&redirect_uri=localhost:8888/oauth-server/example/redirect.php&scope=products_read,products_write | Data: {"\/oauth\/authorize":""}
>> GET - 2018-02-21 04:58:47 pm | URI: /oauth-server/oauth/authorize?response_type=code&client_id=shopdeskClientId&redirect_uri=localhost:8888/oauth-server/example/redirect.php&scope=products_read,products_write | Data: {"\/oauth\/authorize":""}
>> GET - 2018-02-21 04:58:54 pm | URI: /oauth-server/oauth/authorize?response_type=code&client_id=shopdeskClientId&redirect_uri=localhost:8888/oauth-server/example/redirect.php&scope=products_read,products_write | Data: {"\/oauth\/authorize":""}
>> GET - 2018-02-21 04:59:04 pm | URI: /oauth-server/oauth/authorize?response_type=code&client_id=shopdeskClientId&redirect_uri=localhost:8888/oauth-server/example/redirect.php&scope=products_read,products_write | Data: {"\/oauth\/authorize":""}
>> GET - 2018-02-21 04:59:12 pm | URI: /oauth-server/oauth/authorize?response_type=code&client_id=shopdeskClientId&redirect_uri=localhost:8888/oauth-server/example/redirect.php&scope=products_read,products_write | Data: {"\/oauth\/authorize":""}
>> GET - 2018-02-21 04:59:24 pm | URI: /oauth-server/oauth/authorize?response_type=code&client_id=shopdeskClientId&redirect_uri=localhost:8888/oauth-server/example/redirect.php&scope=products_read,products_write | Data: {"\/oauth\/authorize":""}
>> GET - 2018-02-21 04:59:45 pm | URI: /oauth-server/oauth/authorize?response_type=code&client_id=shopdeskClientId&redirect_uri=localhost:8888/oauth-server/example/redirect.php&scope=products_read,products_write | Data: {"\/oauth\/authorize":""}
>> GET - 2018-02-21 04:59:54 pm | URI: /oauth-server/oauth/authorize?response_type=code&client_id=shopdeskClientId&redirect_uri=localhost:8888/oauth-server/example/redirect.php&scope=products_read,products_write | Data: {"\/oauth\/authorize":""}
>> GET - 2018-02-21 05:00:13 pm | URI: /oauth-server/oauth/authorize?response_type=code&client_id=shopdeskClientId&redirect_uri=localhost:8888/oauth-server/example/redirect.php&scope=products_read,products_write | Data: {"\/oauth\/authorize":""}
>> GET - 2018-02-21 05:00:23 pm | URI: /oauth-server/oauth/authorize?response_type=code&client_id=shopdeskClientId&redirect_uri=localhost:8888/oauth-server/example/redirect.php&scope=products_read,products_write | Data: {"\/oauth\/authorize":""}
>> GET - 2018-02-21 05:00:24 pm | URI: /oauth-server/oauth/authorize?response_type=code&client_id=shopdeskClientId&redirect_uri=localhost:8888/oauth-server/example/redirect.php&scope=products_read,products_write | Data: {"\/oauth\/authorize":""}
>> GET - 2018-02-21 05:00:24 pm | URI: /oauth-server/oauth/authorize?response_type=code&client_id=shopdeskClientId&redirect_uri=localhost:8888/oauth-server/example/redirect.php&scope=products_read,products_write | Data: {"\/oauth\/authorize":""}
>> GET - 2018-02-21 05:00:50 pm | URI: /oauth-server/oauth/authorize?response_type=code&client_id=shopdeskClientId&redirect_uri=localhost:8888/oauth-server/example/redirect.php&scope=products_read,products_write | Data: {"\/oauth\/authorize":""}
>> GET - 2018-02-21 05:02:46 pm | URI: /oauth-server/oauth/authorize?response_type=code&client_id=shopdeskClientId&redirect_uri=localhost:8888/oauth-server/example/redirect.php&scope=products_read,products_write | Data: {"\/oauth\/authorize":""}
>> GET - 2018-02-21 05:02:57 pm | URI: /oauth-server/oauth/authorize?response_type=code&client_id=shopdeskClientId&redirect_uri=localhost:8888/oauth-server/example/redirect.php&scope=products_read,products_write | Data: {"\/oauth\/authorize":""}
>> GET - 2018-02-21 05:03:20 pm | URI: /oauth-server/oauth/authorize?response_type=code&client_id=shopdeskClientId&redirect_uri=localhost:8888/oauth-server/example/redirect.php&scope=products_read,products_write | Data: {"\/oauth\/authorize":""}
>> GET - 2018-02-21 05:03:21 pm | URI: /oauth-server/oauth/authorize?response_type=code&client_id=shopdeskClientId&redirect_uri=localhost:8888/oauth-server/example/redirect.php&scope=products_read,products_write | Data: {"\/oauth\/authorize":""}
>> GET - 2018-02-21 05:03:46 pm | URI: /oauth-server/oauth/authorize?response_type=code&client_id=shopdeskClientId&redirect_uri=localhost:8888/oauth-server/example/redirect.php&scope=products_read,products_write | Data: {"\/oauth\/authorize":""}
>> GET - 2018-02-21 05:04:22 pm | URI: /oauth-server/oauth/authorize?response_type=code&client_id=shopdeskClientId&redirect_uri=localhost:8888/oauth-server/example/redirect.php&scope=products_read,products_write | Data: {"\/oauth\/authorize":""}
>> GET - 2018-02-21 05:04:35 pm | URI: /oauth-server/oauth/authorize?response_type=code&client_id=shopdeskClientId&redirect_uri=localhost:8888/oauth-server/example/redirect.php&scope=products_read,products_write | Data: {"\/oauth\/authorize":""}
>> GET - 2018-02-21 05:04:41 pm | URI: /oauth-server/oauth/authorize?response_type=code&client_id=shopdeskClientId&redirect_uri=localhost:8888/oauth-server/example/redirect.php&scope=products_read,products_write | Data: {"\/oauth\/authorize":""}
>> GET - 2018-02-21 05:04:52 pm | URI: /oauth-server/oauth/authorize?response_type=code&client_id=shopdeskClientId&redirect_uri=localhost:8888/oauth-server/example/redirect.php&scope=products_read,products_write | Data: {"\/oauth\/authorize":""}
>> GET - 2018-02-21 05:05:01 pm | URI: /oauth-server/oauth/authorize?response_type=code&client_id=shopdeskClientId&redirect_uri=localhost:8888/oauth-server/example/redirect.php&scope=products_read,products_write | Data: {"\/oauth\/authorize":""}
>> GET - 2018-02-21 05:05:17 pm | URI: /oauth-server/oauth/authorize?response_type=code&client_id=shopdeskClientId&redirect_uri=localhost:8888/oauth-server/example/redirect.php&scope=products_read,products_write | Data: {"\/oauth\/authorize":""}
>> GET - 2018-02-21 05:05:40 pm | URI: /oauth-server/app/logout | Data: {"\/app\/logout":""}
>> GET - 2018-02-21 05:05:40 pm | URI: /oauth-server/app/signin | Data: {"\/app\/signin":""}
>> GET - 2018-02-21 05:05:42 pm | URI: /oauth-server/oauth/authorize?response_type=code&client_id=shopdeskClientId&redirect_uri=localhost:8888/oauth-server/example/redirect.php&scope=products_read,products_write | Data: {"\/oauth\/authorize":""}
>> GET - 2018-02-21 05:05:42 pm | URI: /oauth-server/app/signin?redirect=http%3A%2F%2Flocalhost%3A8888%2Foauth-server%2Foauth%2Fauthorize%3Fresponse_type%3Dcode%26client_id%3DshopdeskClientId%26redirect_uri%3Dlocalhost%3A8888%2Foauth-server%2Fexample%2Fredirect.php%26scope%3Dproducts_read%2Cproducts_write | Data: {"\/app\/signin":""}
>> POST - 2018-02-21 05:05:47 pm | URI: /oauth-server/app/signin | Data: {"email":"m.khizeryounas@gmail.com","redirect":"http:\/\/localhost:8888\/oauth-server\/oauth\/authorize?response_type=code&client_id=shopdeskClientId&redirect_uri=localhost:8888\/oauth-server\/example\/redirect.php&scope=products_read,products_write","pwd":"1234","hms-btn":"login"}
>> GET - 2018-02-21 05:05:47 pm | URI: /oauth-server/oauth/authorize?response_type=code&client_id=shopdeskClientId&redirect_uri=localhost:8888/oauth-server/example/redirect.php&scope=products_read,products_write | Data: {"\/oauth\/authorize":""}
>> GET - 2018-02-21 05:13:56 pm | URI: /oauth-server/oauth/authorize?response_type=code&client_id=shopdeskClientId&redirect_uri=localhost:8888/oauth-server/example/redirect.php&scope=products_read,products_write | Data: {"\/oauth\/authorize":""}
>> GET - 2018-02-21 05:14:02 pm | URI: /oauth-server/oauth/authorize?response_type=code&client_id=shopdeskClientId&redirect_uri=localhost:8888/oauth-server/example/redirect.php&scope=products_read,products_write | Data: {"\/oauth\/authorize":""}
>> GET - 2018-02-21 05:14:13 pm | URI: /oauth-server/oauth/authorize?response_type=code&client_id=shopdeskClientIds&redirect_uri=localhost:8888/oauth-server/example/redirect.php&scope=products_read,products_write | Data: {"\/oauth\/authorize":""}
>> GET - 2018-02-21 05:14:16 pm | URI: /oauth-server/oauth/authorize?response_type=code&client_id=shopdeskClientId&redirect_uri=localhost:8888/oauth-server/example/redirect.php&scope=products_read,products_write | Data: {"\/oauth\/authorize":""}
>> GET - 2018-02-21 05:16:34 pm | URI: /oauth-server/oauth/authorize?response_type=code&client_id=shopdeskClientId&redirect_uri=localhost:8888/oauth-server/example/redirect.php&scope=products_read,products_write | Data: {"\/oauth\/authorize":""}
>> GET - 2018-02-21 05:16:35 pm | URI: /oauth-server/oauth/authorize?response_type=code&client_id=shopdeskClientId&redirect_uri=localhost:8888/oauth-server/example/redirect.php&scope=products_read,products_write | Data: {"\/oauth\/authorize":""}
>> GET - 2018-02-21 05:17:28 pm | URI: /oauth-server/oauth/authorize?response_type=code&client_id=shopdeskClientId&redirect_uri=localhost:8888/oauth-server/example/redirect.php&scope=products_read,products_write | Data: {"\/oauth\/authorize":""}
>> GET - 2018-02-21 05:18:26 pm | URI: /oauth-server/oauth/authorize?response_type=code&client_id=shopdeskClientId&redirect_uri=localhost:8888/oauth-server/example/redirect.php&scope=products_read,products_write | Data: {"\/oauth\/authorize":""}
>> GET - 2018-02-21 05:18:47 pm | URI: /oauth-server/oauth/authorize?response_type=code&client_id=shopdeskClientId&redirect_uri=localhost:8888/oauth-server/example/redirect.php&scope=products_read,products_write | Data: {"\/oauth\/authorize":""}
>> GET - 2018-02-21 05:19:12 pm | URI: /oauth-server/oauth/authorize?response_type=code&client_id=shopdeskClientId&redirect_uri=localhost:8888/oauth-server/example/redirect.php&scope=products_read,products_write | Data: {"\/oauth\/authorize":""}
>> GET - 2018-02-21 05:19:42 pm | URI: /oauth-server/oauth/authorize?response_type=code&client_id=shopdeskClientId&redirect_uri=localhost:8888/oauth-server/example/redirect.php&scope=products_read,products_write | Data: {"\/oauth\/authorize":""}
>> GET - 2018-02-21 05:19:48 pm | URI: /oauth-server/oauth/authorize?response_type=code&client_id=shopdeskClientIds&redirect_uri=localhost:8888/oauth-server/example/redirect.php&scope=products_read,products_write | Data: {"\/oauth\/authorize":""}
>> GET - 2018-02-21 05:19:56 pm | URI: /oauth-server/oauth/authorize?response_type=code&client_id=shopdeskClientIds&redirect_uri=localhost:8888/oauth-server/example/redirect.php&scope=products_read,products_write | Data: {"\/oauth\/authorize":""}
>> GET - 2018-02-21 05:20:19 pm | URI: /oauth-server/oauth/authorize?response_type=code&client_id=shopdeskClientIds&redirect_uri=localhost:8888/oauth-server/example/redirect.php&scope=products_read,products_write | Data: {"\/oauth\/authorize":""}
>> GET - 2018-02-21 05:20:47 pm | URI: /oauth-server/oauth/authorize?response_type=code&client_id=shopdeskClientIds&redirect_uri=localhost:8888/oauth-server/example/redirect.php&scope=products_read,products_write | Data: {"\/oauth\/authorize":""}
>> GET - 2018-02-21 05:21:12 pm | URI: /oauth-server/oauth/authorize?response_type=code&client_id=shopdeskClientIds&redirect_uri=localhost:8888/oauth-server/example/redirect.php&scope=products_read,products_write | Data: {"\/oauth\/authorize":""}
>> GET - 2018-02-21 05:21:14 pm | URI: /oauth-server/oauth/authorize?response_type=code&client_id=shopdeskClientIds&redirect_uri=localhost:8888/oauth-server/example/redirect.php&scope=products_read,products_write | Data: {"\/oauth\/authorize":""}
>> GET - 2018-02-21 05:21:22 pm | URI: /oauth-server/oauth/authorize?response_type=code&client_id=shopdeskClientIds&redirect_uri=localhost:8888/oauth-server/example/redirect.php&scope=products_read,products_write | Data: {"\/oauth\/authorize":""}
>> GET - 2018-02-21 05:21:50 pm | URI: /oauth-server/oauth/authorize?response_type=code&client_id=shopdeskClientIds&redirect_uri=localhost:8888/oauth-server/example/redirect.php&scope=products_read,products_write | Data: {"\/oauth\/authorize":""}
>> GET - 2018-02-21 05:22:00 pm | URI: /oauth-server/oauth/authorize?response_type=code&client_id=shopdeskClientId&redirect_uri=localhost:8888/oauth-server/example/redirect.php&scope=products_read,products_write | Data: {"\/oauth\/authorize":""}
>> GET - 2018-02-21 05:22:19 pm | URI: /oauth-server/oauth/authorize?response_type=code&client_id=shopdeskClientId&redirect_uri=localhost:8888/oauth-server/example/redirect.php&scope=products_read,products_write | Data: {"\/oauth\/authorize":""}
>> GET - 2018-02-21 05:23:47 pm | URI: /oauth-server/oauth/authorize?response_type=code&client_id=shopdeskClientId&redirect_uri=localhost:8888/oauth-server/example/redirect.php&scope=products_read,products_write | Data: {"\/oauth\/authorize":""}
>> GET - 2018-02-21 05:23:54 pm | URI: /oauth-server/oauth/authorize?response_type=code&client_id=shopdeskClientId&redirect_uri=localhost:8888/oauth-server/example/redirect.php&scope=products_read,products_write | Data: {"\/oauth\/authorize":""}
>> GET - 2018-02-21 05:23:57 pm | URI: /oauth-server/oauth/authorize?response_type=code&client_id=shopdeskClientId&redirect_uri=localhost:8888/oauth-server/example/redirect.php&scope=products_read,products_write | Data: {"\/oauth\/authorize":""}
>> GET - 2018-02-21 05:24:09 pm | URI: /oauth-server/oauth/authorize?response_type=code&client_id=shopdeskClientId&redirect_uri=localhost:8888/oauth-server/example/redirect.php&scope=products_read,products_write | Data: {"\/oauth\/authorize":""}
>> GET - 2018-02-21 05:24:40 pm | URI: /oauth-server/oauth/authorize?response_type=code&client_id=shopdeskClientId&redirect_uri=localhost:8888/oauth-server/example/redirect.php&scope=products_read,products_write | Data: {"\/oauth\/authorize":""}
>> GET - 2018-02-21 05:25:44 pm | URI: /oauth-server/oauth/authorize?response_type=code&client_id=shopdeskClientId&redirect_uri=localhost:8888/oauth-server/example/redirect.php&scope=products_read,products_write | Data: {"\/oauth\/authorize":""}
>> GET - 2018-02-21 05:25:51 pm | URI: /oauth-server/oauth/authorize?response_type=code&client_id=shopdeskClientId&redirect_uri=localhost:8888/oauth-server/example/redirect.php&scope=products_read,products_write | Data: {"\/oauth\/authorize":""}
>> GET - 2018-02-22 02:55:44 am | URI: /oauth-server/oauth/authorize?response_type=code&client_id=shopdeskClientId&redirect_uri=localhost:8888/oauth-server/example/redirect.php&scope=products_read,products_write | Data: {"\/oauth\/authorize":""}
>> GET - 2018-02-22 02:55:52 am | URI: /oauth-server/oauth/logout | Data: {"\/oauth\/logout":""}
>> GET - 2018-02-22 02:55:52 am | URI: /oauth-server/oauth/signin | Data: {"\/oauth\/signin":""}
>> POST - 2018-02-22 02:55:54 am | URI: /oauth-server/oauth/signin | Data: {"email":"khizer@shopdesk.co","redirect":"","pwd":"1234","hms-btn":"login"}
>> POST - 2018-02-22 02:55:58 am | URI: /oauth-server/oauth/signin | Data: {"email":"m.khizeryounas@gmail.com","redirect":"","pwd":"1234","hms-btn":"login"}
>> GET - 2018-02-22 02:55:58 am | URI: /oauth-server/ | Data: []
>> GET - 2018-02-22 02:56:26 am | URI: /oauth-server/oauth/signin | Data: {"\/oauth\/signin":""}
>> GET - 2018-02-22 02:56:26 am | URI: /oauth-server/app/status | Data: {"\/app\/status":""}
>> GET - 2018-02-22 02:56:27 am | URI: /oauth-server/oauth/authorize?response_type=code&client_id=shopdeskClientId&redirect_uri=localhost:8888/oauth-server/example/redirect.php&scope=products_read,products_write | Data: {"\/oauth\/authorize":""}
>> GET - 2018-02-22 02:56:28 am | URI: /oauth-server/app/status | Data: {"\/app\/status":""}
>> GET - 2018-02-22 02:56:41 am | URI: /oauth-server/app/status | Data: {"\/app\/status":""}
>> GET - 2018-02-22 02:56:42 am | URI: /oauth-server/app/status | Data: {"\/app\/status":""}
>> GET - 2018-02-22 02:56:42 am | URI: /oauth-server/app/status | Data: {"\/app\/status":""}
>> GET - 2018-02-22 02:56:43 am | URI: /oauth-server/app/status | Data: {"\/app\/status":""}
>> GET - 2018-02-22 02:56:48 am | URI: /oauth-server/app/hell | Data: {"\/app\/hell":""}
>> GET - 2018-02-22 02:56:52 am | URI: /oauth-server/app/okkkk | Data: {"\/app\/okkkk":""}
>> GET - 2018-02-22 02:56:55 am | URI: /oauth-server/app/index | Data: {"\/app\/index":""}
>> GET - 2018-02-22 02:57:09 am | URI: /oauth-server/app/index | Data: {"\/app\/index":""}
>> GET - 2018-02-22 02:57:12 am | URI: /oauth-server/app/okkkk | Data: {"\/app\/okkkk":""}
>> GET - 2018-02-22 02:57:12 am | URI: /oauth-server/app/hell | Data: {"\/app\/hell":""}
>> GET - 2018-02-22 02:57:13 am | URI: /oauth-server/app/status | Data: {"\/app\/status":""}
>> GET - 2018-02-22 02:57:13 am | URI: /oauth-server/oauth/authorize?response_type=code&client_id=shopdeskClientId&redirect_uri=localhost:8888/oauth-server/example/redirect.php&scope=products_read,products_write | Data: {"\/oauth\/authorize":""}
>> GET - 2018-02-22 02:57:13 am | URI: /oauth-server/oauth/authorize?response_type=code&client_id=shopdeskClientIds&redirect_uri=localhost:8888/oauth-server/example/redirect.php&scope=products_read,products_write | Data: {"\/oauth\/authorize":""}
>> GET - 2018-02-22 02:57:17 am | URI: /oauth-server/oauth/logout | Data: {"\/oauth\/logout":""}
>> GET - 2018-02-22 02:57:17 am | URI: /oauth-server/oauth/signin | Data: {"\/oauth\/signin":""}
>> GET - 2018-02-22 02:57:17 am | URI: /oauth-server/oauth/logout | Data: {"\/oauth\/logout":""}
>> GET - 2018-02-22 02:57:17 am | URI: /oauth-server/oauth/signin | Data: {"\/oauth\/signin":""}
>> GET - 2018-02-22 02:57:39 am | URI: /oauth-server/oauth/signin | Data: {"\/oauth\/signin":""}
>> GET - 2018-02-22 02:57:43 am | URI: /oauth-server/oauth/logout | Data: {"\/oauth\/logout":""}
>> GET - 2018-02-22 02:57:43 am | URI: /oauth-server/ | Data: []
>> GET - 2018-02-22 02:57:44 am | URI: /oauth-server/oauth/logout | Data: {"\/oauth\/logout":""}
>> GET - 2018-02-22 02:57:44 am | URI: /oauth-server/ | Data: []
>> GET - 2018-02-22 02:57:53 am | URI: /oauth-server/oauth/authorize?response_type=code&client_id=shopdeskClientId&redirect_uri=localhost:8888/oauth-server/example/redirect.php&scope=products_read,products_write | Data: {"\/oauth\/authorize":""}
>> GET - 2018-02-22 02:57:53 am | URI: /oauth-server/oauth/signin?redirect=http%3A%2F%2Flocalhost%3A8888%2Foauth-server%2Foauth%2Fauthorize%3Fresponse_type%3Dcode%26client_id%3DshopdeskClientId%26redirect_uri%3Dlocalhost%3A8888%2Foauth-server%2Fexample%2Fredirect.php%26scope%3Dproducts_read%2Cproducts_write | Data: {"\/oauth\/signin":""}
>> POST - 2018-02-22 02:57:58 am | URI: /oauth-server/oauth/signin | Data: {"email":"m.khizeryounas@gmail.com","redirect":"http:\/\/localhost:8888\/oauth-server\/oauth\/authorize?response_type=code&client_id=shopdeskClientId&redirect_uri=localhost:8888\/oauth-server\/example\/redirect.php&scope=products_read,products_write","pwd":"1234","hms-btn":"login"}
>> GET - 2018-02-22 02:57:58 am | URI: /oauth-server/oauth/authorize?response_type=code&client_id=shopdeskClientId&redirect_uri=localhost:8888/oauth-server/example/redirect.php&scope=products_read,products_write | Data: {"\/oauth\/authorize":""}
>> GET - 2018-02-22 02:59:27 am | URI: /oauth-server/oauth/authorize?response_type=code&client_id=shopdeskClientId&redirect_uri=localhost:8888/oauth-server/example/redirect.php&scope=products_read,products_write | Data: {"\/oauth\/authorize":""}
>> GET - 2018-02-22 04:00:05 am | URI: /oauth-server/oauth/authorize?response_type=code&client_id=shopdeskClientId&redirect_uri=localhost:8888/oauth-server/example/redirect.php&scope=products_read,products_write | Data: {"\/oauth\/authorize":""}
>> GET - 2018-02-22 04:01:31 am | URI: /oauth-server/oauth/authorize?response_type=code&client_id=shopdeskClientId&redirect_uri=localhost:8888/oauth-server/example/redirect.php&scope=products_read,products_write | Data: {"\/oauth\/authorize":""}
>> GET - 2018-02-22 04:01:39 am | URI: /oauth-server/oauth/authorize?response_type=code&client_id=shopdeskClientId&redirect_uri=localhost:8888/oauth-server/example/redirect.php&scope=products_read,products_write | Data: {"\/oauth\/authorize":""}
>> GET - 2018-02-22 04:01:42 am | URI: /oauth-server/oauth/authorize?response_type=code&client_id=shopdeskClientId&redirect_uri=localhost:8888/oauth-server/example/redirect.php&scope=products_read,products_write | Data: {"\/oauth\/authorize":""}
>> GET - 2018-02-22 04:01:45 am | URI: /oauth-server/oauth/authorize?response_type=code&client_id=shopdeskClientId&redirect_uri=localhost:8888/oauth-server/example/redirect.php&scope=products_read,products_write | Data: {"\/oauth\/authorize":""}
>> GET - 2018-02-22 04:01:59 am | URI: /oauth-server/oauth/authorize?response_type=code&client_id=shopdeskClientId&redirect_uri=localhost:8888/oauth-server/example/redirect.php&scope=products_read,products_write | Data: {"\/oauth\/authorize":""}
>> GET - 2018-02-22 04:12:06 am | URI: /oauth-server/oauth/authorize?response_type=code&client_id=shopdeskClientId&redirect_uri=localhost:8888/oauth-server/example/redirect.php&scope=products_read,products_write | Data: {"\/oauth\/authorize":""}
>> GET - 2018-02-22 04:12:17 am | URI: /oauth-server/oauth/authorize?response_type=code&client_id=shopdeskClientId&redirect_uri=localhost:8888/oauth-server/example/redirect.php&scope=products_read,products_write | Data: {"\/oauth\/authorize":""}
>> GET - 2018-02-22 04:12:30 am | URI: /oauth-server/oauth/authorize?response_type=code&client_id=shopdeskClientId&redirect_uri=localhost:8888/oauth-server/example/redirect.php&scope=products_read,products_write | Data: {"\/oauth\/authorize":""}
>> GET - 2018-02-22 04:12:37 am | URI: /oauth-server/oauth/authorize?response_type=code&client_id=shopdeskClientId&redirect_uri=localhost:8888/oauth-server/example/redirect.php&scope=products_read,products_write | Data: {"\/oauth\/authorize":""}
>> GET - 2018-02-22 04:13:33 am | URI: /oauth-server/oauth/authorize?response_type=code&client_id=shopdeskClientId&redirect_uri=localhost:8888/oauth-server/example/redirect.php&scope=products_read,products_write | Data: {"\/oauth\/authorize":""}
>> GET - 2018-02-22 04:13:47 am | URI: /oauth-server/oauth/authorize?response_type=code&client_id=shopdeskClientId&redirect_uri=localhost:8888/oauth-server/example/redirect.php&scope=products_read,products_write | Data: {"\/oauth\/authorize":""}
>> GET - 2018-02-22 04:17:18 am | URI: /oauth-server/oauth/authorize?response_type=code&client_id=shopdeskClientId&redirect_uri=localhost:8888/oauth-server/example/redirect.php&scope=products_read,products_write | Data: {"\/oauth\/authorize":""}
>> GET - 2018-02-22 04:17:32 am | URI: /oauth-server/oauth/signin?redirect=http%3A%2F%2Flocalhost%3A8888%2Foauth-server%2Foauth%2Fauthorize%3Fresponse_type%3Dcode%26client_id%3DshopdeskClientId%26redirect_uri%3Dlocalhost%3A8888%2Foauth-server%2Fexample%2Fredirect.php%26scope%3Dproducts_read%2Cproducts_write | Data: {"\/oauth\/signin":""}
>> GET - 2018-02-22 04:17:32 am | URI: /oauth-server/app/status | Data: {"\/app\/status":""}
>> GET - 2018-02-22 04:17:33 am | URI: /oauth-server/ | Data: []
>> GET - 2018-02-22 04:17:34 am | URI: /oauth-server/app/status | Data: {"\/app\/status":""}
>> GET - 2018-02-22 04:17:34 am | URI: /oauth-server/oauth/authorize?response_type=code&client_id=shopdeskClientId&redirect_uri=localhost:8888/oauth-server/example/redirect.php&scope=products_read,products_write | Data: {"\/oauth\/authorize":""}
>> GET - 2018-02-22 04:17:44 am | URI: /oauth-server/oauth/authorize?response_type=code&client_id=shopdeskClientId&redirect_uri=http://localhost:8888/oauth-server/example/redirect.php&scope=products_read,products_write | Data: {"\/oauth\/authorize":""}
>> GET - 2018-02-22 04:17:51 am | URI: /oauth-server/oauth/authorize?response_type=code&client_id=shopdeskClientId&redirect_uri=http://localhost:8888/oauth-server/example/redirect.php&scope=products_read,products_write | Data: {"\/oauth\/authorize":""}
>> GET - 2018-02-22 04:18:07 am | URI: /oauth-server/oauth/authorize?response_type=code&client_id=shopdeskClientId&redirect_uri=http%3A%2F%2Flocalhost%3A8888%2Foauth-server%2Fexample%2Fredirect.php&scope=products_read,products_write | Data: {"\/oauth\/authorize":""}
>> GET - 2018-02-22 04:18:12 am | URI: /oauth-server/oauth/authorize?response_type=code&client_id=shopdeskClientId&redirect_uri=http%3A%2F%2Flocalhost%3A8888%2Foauth-server%2Fexample%2Fredirect.php&scope=products_read,products_write | Data: {"\/oauth\/authorize":""}
>> GET - 2018-02-22 04:18:26 am | URI: /oauth-server/oauth/authorize?response_type=code&client_id=shopdeskClientId&redirect_uri=http%3A%2F%2Flocalhost%3A8888%2Foauth-server%2Fexample%2Fredirect.php&scope=products_read,products_write | Data: {"\/oauth\/authorize":""}
>> GET - 2018-02-22 04:35:37 am | URI: /oauth-server/oauth/authorize?response_type=code&client_id=shopdeskClientId&redirect_uri=http%3A%2F%2Flocalhost%3A8888%2Foauth-server%2Fexample%2Fredirect.php&scope=products_read,products_write | Data: {"\/oauth\/authorize":""}
>> GET - 2018-02-22 04:35:44 am | URI: /oauth-server/oauth/authorize?response_type=code&client_id=shopdeskClientId&redirect_uri=http%3A%2F%2Flocalhost%3A8888%2Foauth-server%2Fexample%2Fredirect.php&scope=products_read,products_write | Data: {"\/oauth\/authorize":""}
>> GET - 2018-02-22 04:36:04 am | URI: /oauth-server/oauth/authorize?response_type=code&client_id=shopdeskClientId&redirect_uri=http%3A%2F%2Flocalhost%3A8888%2Foauth-server%2Fexample%2Fredirect.php&scope=products_read,products_write | Data: {"\/oauth\/authorize":""}
>> GET - 2018-02-22 04:36:43 am | URI: /oauth-server/oauth/authorize?response_type=code&client_id=shopdeskClientId&redirect_uri=http%3A%2F%2Flocalhost%3A8888%2Foauth-server%2Fexample%2Fredirect.php&scope=products_read,products_write | Data: {"\/oauth\/authorize":""}
>> GET - 2018-02-22 04:36:48 am | URI: /oauth-server/oauth/authorize?response_type=code&client_id=shopdeskClientId&redirect_uri=http%3A%2F%2Flocalhost%3A8888%2Foauth-server%2Fexample%2Fredirect.php&scope=products_read,products_write | Data: {"\/oauth\/authorize":""}
>> GET - 2018-02-22 04:37:06 am | URI: /oauth-server/oauth/authorize?response_type=code&state=abc123&client_id=shopdeskClientId&redirect_uri=http%3A%2F%2Flocalhost%3A8888%2Foauth-server%2Fexample%2Fredirect.php&scope=products_read,products_write | Data: {"\/oauth\/authorize":""}
>> GET - 2018-02-22 04:41:29 am | URI: /oauth-server/oauth/authorize?response_type=code&state=abc123&client_id=shopdeskClientId&redirect_uri=http%3A%2F%2Flocalhost%3A8888%2Foauth-server%2Fexample%2Fredirect.php&scope=products_read,products_write | Data: {"\/oauth\/authorize":""}
>> GET - 2018-02-22 04:42:14 am | URI: /oauth-server/oauth/authorize?response_type=code&state=abc123&client_id=shopdeskClientId&redirect_uri=http%3A%2F%2Flocalhost%3A8888%2Foauth-server%2Fexample%2Fredirect.php&scope=products_read,products_write | Data: {"\/oauth\/authorize":""}
>> GET - 2018-02-22 04:42:30 am | URI: /oauth-server/oauth/authorize?response_type=code&state=abc123&client_id=shopdeskClientId&redirect_uri=http%3A%2F%2Flocalhost%3A8888%2Foauth-server%2Fexample%2Fredirect.php&scope=products_read,products_write | Data: {"\/oauth\/authorize":""}
>> GET - 2018-02-22 04:42:37 am | URI: /oauth-server/oauth/authorize?response_type=code&state=abc123&client_id=shopdeskClientId&redirect_uri=http%3A%2F%2Flocalhost%3A8888%2Foauth-server%2Fexample%2Fredirect.php&scope=products_read,products_write | Data: {"\/oauth\/authorize":""}
>> GET - 2018-02-22 04:42:39 am | URI: /oauth-server/oauth/authorize?response_type=code&state=abc123&client_id=shopdeskClientId&redirect_uri=http%3A%2F%2Flocalhost%3A8888%2Foauth-server%2Fexample%2Fredirect.php&scope=products_read,products_write | Data: {"\/oauth\/authorize":""}
>> GET - 2018-02-22 04:42:45 am | URI: /oauth-server/oauth/authorize?response_type=code&state=abc123&client_id=shopdeskClientId&redirect_uri=http%3A%2F%2Flocalhost%3A8888%2Foauth-server%2Fexample%2Fredirect.php&scope=products_read,products_write | Data: {"\/oauth\/authorize":""}
>> GET - 2018-02-22 04:43:02 am | URI: /oauth-server/oauth/authorize?response_type=code&state=abc123&client_id=shopdeskClientId&redirect_uri=http%3A%2F%2Flocalhost%3A8888%2Foauth-server%2Fexample%2Fredirect.php&scope=products_read,products_write | Data: {"\/oauth\/authorize":""}
>> GET - 2018-02-22 03:24:22 pm | URI: /oauth-server/oauth/authorize?response_type=code&state=abc123&client_id=shopdeskClientId&redirect_uri=http%3A%2F%2Flocalhost%3A8888%2Foauth-server%2Fexample%2Fredirect.php&scope=products_read,products_write | Data: {"\/oauth\/authorize":""}
>> GET - 2018-02-22 11:35:34 pm | URI: /oauth-server/oauth/authorize?response_type=code&client_id=shopdeskClientId&redirect_uri=localhost:8888/oauth-server/example/redirect.php&scope=products_read,products_write | Data: {"\/oauth\/authorize":""}
>> GET - 2018-02-22 11:35:34 pm | URI: /oauth-server/oauth/signin?redirect=http%3A%2F%2Flocalhost%3A8888%2Foauth-server%2Foauth%2Fauthorize%3Fresponse_type%3Dcode%26client_id%3DshopdeskClientId%26redirect_uri%3Dlocalhost%3A8888%2Foauth-server%2Fexample%2Fredirect.php%26scope%3Dproducts_read%2Cproducts_write | Data: {"\/oauth\/signin":""}
>> GET - 2018-02-22 11:35:48 pm | URI: /oauth-server/oauth/ | Data: {"\/oauth\/":""}
>> GET - 2018-02-22 11:35:50 pm | URI: /oauth-server/oauth/signin?redirect=http%3A%2F%2Flocalhost%3A8888%2Foauth-server%2Foauth%2Fauthorize%3Fresponse_type%3Dcode%26client_id%3DshopdeskClientId%26redirect_uri%3Dlocalhost%3A8888%2Foauth-server%2Fexample%2Fredirect.php%26scope%3Dproducts_read%2Cproducts_write | Data: {"\/oauth\/signin":""}
>> POST - 2018-02-22 11:35:52 pm | URI: /oauth-server/oauth/signin | Data: {"email":"m.","redirect":"http:\/\/localhost:8888\/oauth-server\/oauth\/authorize?response_type=code&client_id=shopdeskClientId&redirect_uri=localhost:8888\/oauth-server\/example\/redirect.php&scope=products_read,products_write","pwd":"","hms-btn":"login"}
>> GET - 2018-02-22 11:35:53 pm | URI: /oauth-server/app/signup | Data: {"\/app\/signup":""}
>> GET - 2018-02-22 11:36:02 pm | URI: /oauth-server/oauth/signin?redirect=http%3A%2F%2Flocalhost%3A8888%2Foauth-server%2Foauth%2Fauthorize%3Fresponse_type%3Dcode%26client_id%3DshopdeskClientId%26redirect_uri%3Dlocalhost%3A8888%2Foauth-server%2Fexample%2Fredirect.php%26scope%3Dproducts_read%2Cproducts_write | Data: {"\/oauth\/signin":""}
>> GET - 2018-02-22 11:36:12 pm | URI: /oauth-server/oauth/authorize?response_type=code&client_id=shopdeskClientId&redirect_uri=localhost:8888/oauth-server/example/redirect.php&scope=products_read,products_write | Data: {"\/oauth\/authorize":""}
>> GET - 2018-02-22 11:36:12 pm | URI: /oauth-server/oauth/signin?redirect=http%3A%2F%2Flocalhost%3A8888%2Foauth-server%2Foauth%2Fauthorize%3Fresponse_type%3Dcode%26client_id%3DshopdeskClientId%26redirect_uri%3Dlocalhost%3A8888%2Foauth-server%2Fexample%2Fredirect.php%26scope%3Dproducts_read%2Cproducts_write | Data: {"\/oauth\/signin":""}
>> POST - 2018-02-22 11:36:17 pm | URI: /oauth-server/oauth/signin | Data: {"email":"m.khizeryounas@gmail.com","redirect":"http:\/\/localhost:8888\/oauth-server\/oauth\/authorize?response_type=code&client_id=shopdeskClientId&redirect_uri=localhost:8888\/oauth-server\/example\/redirect.php&scope=products_read,products_write","pwd":"1234","hms-btn":"login"}
>> GET - 2018-02-22 11:36:17 pm | URI: /oauth-server/oauth/authorize?response_type=code&client_id=shopdeskClientId&redirect_uri=localhost:8888/oauth-server/example/redirect.php&scope=products_read,products_write | Data: {"\/oauth\/authorize":""}
>> GET - 2018-02-23 04:53:38 am | URI: /oauth-server/oauth/authorize?response_type=code&client_id=shopdeskClientId&redirect_uri=localhost:8888/oauth-server/example/redirect.php&scope=products_read,products_write | Data: {"\/oauth\/authorize":""}
>> GET - 2018-02-23 04:53:44 am | URI: /oauth-server/oauth/authorize?response_type=code&client_id=shopdeskClientId&redirect_uri=localhost:8888/oauth-server/example/redirect.php&scope=products_read,products_write | Data: {"\/oauth\/authorize":""}
>> GET - 2018-02-24 03:18:30 am | URI: /oauth-server/ | Data: []
